2026/04/02 11:59:06 [INFO] Logged in successfully
2026/04/02 11:59:06 [INFO] Running in test mode
2026/04/02 11:59:06 [INFO] Cleared MongoDB and Redis
2026/04/02 12:01:03 [DEBUG] url=https://www.vidlii.com/watch?v=K5u6i67Cg3e title=アイドルマスター　急降下爆撃～STUKA Lied2008～　スツーカリート.flv date=Dec 25, 2017 dur=206
2026/04/02 12:01:03 [FOUND] 1, https://www.vidlii.com/watch?v=K5u6i67Cg3e - アイドルマスター　急降下爆撃～STUKA Lied2008～　スツーカリート.flv
2026/04/02 12:01:16 [DEBUG] url=https://www.vidlii.com/watch?v=njl65hsfsLx title=myon myon date=Dec 21, 2017 dur=372
2026/04/02 12:01:18 [DEBUG] url=https://www.vidlii.com/watch?v=vC6R7hOEamy title=Spraying my deodorant directly east date=Dec 21, 2017 dur=62
2026/04/02 12:01:21 [DEBUG] url=https://www.vidlii.com/watch?v=gokalOcgTji title=HIGH TENSION JAPANESE GOBLIN date=Dec 21, 2017 dur=255
2026/04/02 12:01:24 [DEBUG] url=https://www.vidlii.com/watch?v=c4BFXphOWvI title=Miko Miko Nurse date=Dec 14, 2017 dur=39
2026/04/02 12:01:27 [DEBUG] url=https://www.vidlii.com/watch?v=QY0FU5BH0jC title=LONGCAT BE LOOOOOOONG date=Dec 14, 2017 dur=94
2026/04/02 12:01:30 [DEBUG] url=https://www.vidlii.com/watch?v=9HtMVesj9Pw title=mootykins date=Dec 14, 2017 dur=162
2026/04/02 12:01:34 [DEBUG] url=https://www.vidlii.com/watch?v=jCg005EDdR7 title=The 4chan 10th Anniversary Panel Intro date=Dec 14, 2017 dur=149
2026/04/02 12:01:48 [DEBUG] url=https://www.vidlii.com/watch?v=lfsnSgj58PF title=twin wrong god of super waha~ date=Dec 12, 2017 dur=129
2026/04/02 12:01:51 [DEBUG] url=https://www.vidlii.com/watch?v=AxQxmhWdO0u title=Leek Spin date=Aug 24, 2017 dur=132
2026/04/02 12:01:59 [DEBUG] url=https://www.vidlii.com/watch?v=3uZiZ3Ykqyc title=Freedom Planet: Sky Battalion (Sega Genesis Remix) date=Dec 03, 2017 dur=251
2026/04/02 12:03:15 [DEBUG] url=https://www.vidlii.com/watch?v=-WwQR59V60e title=Super Mario Land 2 is still great date=Apr 02, 2026 dur=1102
2026/04/02 12:03:18 [DEBUG] url=https://www.vidlii.com/watch?v=djNsjLw9TUr title=Introducing: VidLii Coins (April Fools) date=Mar 31, 2026 dur=53
2026/04/02 12:03:24 [DEBUG] url=https://www.vidlii.com/watch?v=YDlLwLhikWN title=Heart Monitor - The Nobodies date=Mar 07, 2026 dur=159
2026/04/02 12:03:28 [DEBUG] url=https://www.vidlii.com/watch?v=1677vSndtxV title=Year of the Waltz date=Mar 09, 2026 dur=95
2026/04/02 12:03:35 [DEBUG] url=https://www.vidlii.com/watch?v=AS1wbQAR0T_ title=Revealing the Names date=Mar 08, 2026 dur=138
2026/04/02 12:03:38 [DEBUG] url=https://www.vidlii.com/watch?v=ZtUvjxvRDtM title=What Your Favorite User on Vidlii Says About You date=Mar 08, 2026 dur=135
2026/04/02 12:03:40 [DEBUG] url=https://www.vidlii.com/watch?v=jCS6fbCmT-j title=VLP - gligar fucks everyone date=Feb 11, 2026 dur=97
2026/04/02 12:03:49 [DEBUG] url=https://www.vidlii.com/watch?v=iK8czzse8lS title=VLP ShyRobloxStudios gets african aids date=Feb 14, 2026 dur=105
2026/04/02 12:03:53 [DEBUG] url=https://www.vidlii.com/watch?v=uj3rnKhdFoZ title=WTH SONIC 1999 date=Apr 02, 2026 dur=10
2026/04/02 12:04:06 [DEBUG] url=https://www.vidlii.com/watch?v=vp5_LPTBrOr title=Kino no Tabi- Blue On Black date=Mar 31, 2026 dur=333
2026/04/02 12:04:07 [DEBUG] url=https://www.vidlii.com/watch?v=qFjTGOh-Vdp title=Genesis - Jesus he knows me date=Apr 02, 2026 dur=246
2026/04/02 12:04:11 [DEBUG] url=https://www.vidlii.com/watch?v=PKIiT-6_KGb title=Bear Gets Chased date=Apr 01, 2026 dur=27
2026/04/02 12:04:20 [DEBUG] url=https://www.vidlii.com/watch?v=qrYjmQ8opWz title=SONIC FANS ON 4chan be like... | Internet Explorer #16 date=Apr 01, 2026 dur=456
2026/04/02 12:04:27 [DEBUG] url=https://www.vidlii.com/watch?v=ChgdDs-HWQ- title=Personas interactuando con capibaras en el Gran Acuario Mazatlán, 28 de marzo de 2026 date=Apr 01, 2026 dur=46
2026/04/02 12:04:33 [DEBUG] url=https://www.vidlii.com/watch?v=bSW029lYhN6 title=Polytoria survival challenge (Can i survive?) date=Apr 02, 2026 dur=670
2026/04/02 12:04:44 [DEBUG] url=https://www.vidlii.com/watch?v=KsMSJgSJte- title=RuneScape Recreated in RollerCoaster Tycoon date=Mar 17, 2023 dur=317
2026/04/02 12:12:59 [DEBUG] url=https://www.vidlii.com/watch?v=9UUcneMVn1h title=I'M SORRY BARASAMONDO date=Apr 01, 2026 dur=192
2026/04/02 12:13:07 [DEBUG] url=https://www.vidlii.com/watch?v=Rr4nrzAnsFk title=how to speak english date=Apr 02, 2026 dur=32
2026/04/02 12:13:10 [DEBUG] url=https://www.vidlii.com/watch?v=ES98o4pCS_X title=i got April Fooled by Chinese People date=Apr 01, 2026 dur=176
2026/04/02 12:13:14 [DEBUG] url=https://www.vidlii.com/watch?v=R4X7RjRL7iJ title=RIP WIZZ date=Apr 01, 2026 dur=34
2026/04/02 12:13:15 [INFO] Test finished - 31 videos, 1 targets
2026/04/02 12:13:15 Visited 31 videos, target 1
2026/04/02 12:15:15 [INFO] Logged in successfully
2026/04/02 12:15:15 [INFO] Running in test mode
2026/04/02 12:15:15 [INFO] Cleared MongoDB and Redis
2026/04/02 12:17:12 [DEBUG] url=https://www.vidlii.com/watch?v=K5u6i67Cg3e title=アイドルマスター　急降下爆撃～STUKA Lied2008～　スツーカリート.flv date=Dec 25, 2017 dur=206
2026/04/02 12:17:12 [FOUND] 1, https://www.vidlii.com/watch?v=K5u6i67Cg3e - アイドルマスター　急降下爆撃～STUKA Lied2008～　スツーカリート.flv
2026/04/02 12:17:24 [DEBUG] url=https://www.vidlii.com/watch?v=njl65hsfsLx title=myon myon date=Dec 21, 2017 dur=372
2026/04/02 12:17:27 [DEBUG] url=https://www.vidlii.com/watch?v=vC6R7hOEamy title=Spraying my deodorant directly east date=Dec 21, 2017 dur=62
2026/04/02 12:17:30 [DEBUG] url=https://www.vidlii.com/watch?v=gokalOcgTji title=HIGH TENSION JAPANESE GOBLIN date=Dec 21, 2017 dur=255
2026/04/02 12:17:33 [DEBUG] url=https://www.vidlii.com/watch?v=c4BFXphOWvI title=Miko Miko Nurse date=Dec 14, 2017 dur=39
2026/04/02 12:17:36 [DEBUG] url=https://www.vidlii.com/watch?v=QY0FU5BH0jC title=LONGCAT BE LOOOOOOONG date=Dec 14, 2017 dur=94
2026/04/02 12:17:39 [DEBUG] url=https://www.vidlii.com/watch?v=9HtMVesj9Pw title=mootykins date=Dec 14, 2017 dur=162
2026/04/02 12:17:43 [DEBUG] url=https://www.vidlii.com/watch?v=jCg005EDdR7 title=The 4chan 10th Anniversary Panel Intro date=Dec 14, 2017 dur=149
2026/04/02 12:17:57 [DEBUG] url=https://www.vidlii.com/watch?v=lfsnSgj58PF title=twin wrong god of super waha~ date=Dec 12, 2017 dur=129
2026/04/02 12:18:00 [DEBUG] url=https://www.vidlii.com/watch?v=AxQxmhWdO0u title=Leek Spin date=Aug 24, 2017 dur=132
2026/04/02 12:18:08 [DEBUG] url=https://www.vidlii.com/watch?v=3uZiZ3Ykqyc title=Freedom Planet: Sky Battalion (Sega Genesis Remix) date=Dec 03, 2017 dur=251
2026/04/02 12:19:23 [DEBUG] url=https://www.vidlii.com/watch?v=-WwQR59V60e title=Super Mario Land 2 is still great date=Apr 02, 2026 dur=1102
2026/04/02 12:19:27 [DEBUG] url=https://www.vidlii.com/watch?v=djNsjLw9TUr title=Introducing: VidLii Coins (April Fools) date=Mar 31, 2026 dur=53
2026/04/02 12:19:33 [DEBUG] url=https://www.vidlii.com/watch?v=YDlLwLhikWN title=Heart Monitor - The Nobodies date=Mar 07, 2026 dur=159
2026/04/02 12:19:37 [DEBUG] url=https://www.vidlii.com/watch?v=1677vSndtxV title=Year of the Waltz date=Mar 09, 2026 dur=95
2026/04/02 12:19:44 [DEBUG] url=https://www.vidlii.com/watch?v=AS1wbQAR0T_ title=Revealing the Names date=Mar 08, 2026 dur=138
226/04/02 12:19:46 [DEBUG] url=https://www.vidlii.com/watch?v=ZtUvjxvRDtM title=What Your Favorite User on Vidlii Says About You date=Mar 08, 2026 dur=135
2026/04/02 12:19:49 [DEBUG] url=https://www.vidlii.com/watch?v=jCS6fbCmT-j title=VLP - gligar fucks everyone date=Feb 11, 2026 dur=97
2026/04/02 12:19:57 [DEBUG] url=https://www.vidlii.com/watch?v=iK8czzse8lS title=VLP ShyRobloxStudios gets african aids date=Feb 14, 2026 dur=105
2026/04/02 12:20:02 [DEBUG] url=https://www.vidlii.com/watch?v=bNsOPhJ_ZOl title=Just A Bit Critter Chaos date=Apr 02, 2026 dur=26
2026/04/02 12:20:11 [INFO] Test finished - 20 videos, 1 targets
2026/04/02 12:20:11 Visited 20 videos, target 1
2026/04/02 12:20:20 [INFO] Logged in successfully
2026/04/02 12:20:20 [INFO] Running in production mode
2026/04/02 12:20:20 [INFO] Resumed 20 videos, 1 targets
2026/04/02 12:20:20 [INFO] seeded 25 URLs from seeds.txt
2026/04/02 12:20:25 [FOUND] 2, https://www.vidlii.com/watch?v=r9qeTIaIhuy - 纤夫的爱尹相杰;于文华
2026/04/02 12:20:30 [FOUND] 3, https://www.vidlii.com/watch?v=4aKJgdaKd6B - ニコニコ動画流星群　【☆一周年おめ☆】　FULL　Ryuuseigun 1yr Anniversary
2026/04/02 12:20:32 [FOUND] 4, https://www.vidlii.com/watch?v=IWE_KvYQTXP - Daicon IV Opening Animations ダイコンフィルム ダイコン フォー アニメ
2026/04/02 12:20:39 [FOUND] 5, https://www.vidlii.com/watch?v=naQTdM8n0OX - 星の王子さま　プチプランスOPフルverノンテロップ動画付
2026/04/02 12:20:40 [FOUND] 6, https://www.vidlii.com/watch?v=AFToilcbvo6 - 篠崎愛 / Ai Shinozaki: Rainy Blue (Sub. Español e Ingles)
2026/04/02 12:20:42 [FOUND] 7, https://www.vidlii.com/watch?v=wUyaIVYGvOM - 【手描き】 Hatsune Miku - World is Mine【PV】with English Subs
2026/04/02 12:20:44 [FOUND] 8, https://www.vidlii.com/watch?v=uvyiKajpZGQ - 默默祝福你 Old Chinese Song Track 1
2026/04/02 12:20:48 [FOUND] 9, https://www.vidlii.com/watch?v=jl3XV5V2cy6 - two chinese boys:fairy（童話）
2026/04/02 12:20:50 [FOUND] 10, https://www.vidlii.com/watch?v=9bGp0qSfW6M - "Midnight Pretenders" MV「KARAOKE」-- 亜蘭知子 FURRY
2026/04/02 12:20:54 [FOUND] 11, https://www.vidlii.com/watch?v=_ds5f_39YVz - Juggalo [ジャガロ]
2026/04/02 12:20:54 [FOUND] 12, https://www.vidlii.com/watch?v=vQ9oEbzkPUt - tow chinese boys:not travel together(分開旅行)
2026/04/02 12:20:56 [FOUND] 13, https://www.vidlii.com/watch?v=1WArqML2KuP - ARCHIVE JOJO: ジョジョ　コロネイ　ｳｻﾃｲ
2026/04/02 12:22:46 [FOUND] 14, https://www.vidlii.com/watch?v=YZB5DZ91CUr - PSY - PINGAS STYLE (음경 스타일)
2026/04/02 12:22:51 [FOUND] 15, https://www.vidlii.com/watch?v=5-DLoDHYEJO - パチュリーも雨
2026/04/02 12:38:47 [FOUND] 16, https://www.vidlii.com/watch?v=HuTNGL5Eh2a - 迷子の森 × Fiend Empire
2026/04/02 12:40:46 [FOUND] 17, https://www.vidlii.com/watch?v=xCrpd0BpwkM - 愛が止まらない ～Turn it Into Love～ / Wink【Official Music Video】
2026/04/02 12:48:40 [FOUND] 18, https://www.vidlii.com/watch?v=9tPRoyychdS - 目玉焼き (Huevo frito / Fried Egg) a.k.a Sunny Side up [Japanese, Romaji, Spanish & English Sub.
2026/04/02 12:48:48 [FOUND] 19, https://www.vidlii.com/watch?v=ywgxarkSSss - Eyes On Me - Final Fantasy VIII / ファイナルファンタジーVIII [English, Spanish & Japanese
2026/04/02 12:49:08 [FOUND] 20, https://www.vidlii.com/watch?v=42lbBP0t882 - 篠崎愛  Ai Shinozaki『ヒカリ(HIKARI)』- Sub. Español e Ingles  Spanish & English sub
2026/04/02 12:49:18 [FOUND] 21, https://www.vidlii.com/watch?v=17TeSPuQB7Z - 篠崎愛 / Ai Shinozaki - M (Subs. Español e Ingles)
2026/04/02 12:49:29 [FOUND] 22, https://www.vidlii.com/watch?v=He4zlvBYwac - 篠崎愛/Ai Shinozaki: A-G-A-I-N (Sub. Español e Ingles)
2026/04/02 15:32:02 [FOUND] 23, https://www.vidlii.com/watch?v=_CGW2-BBKtT - [Rin] Butterfly on Your Right Shoulder [English subs] 右肩の蝶
2026/04/02 15:32:18 [FOUND] 24, https://www.vidlii.com/watch?v=VtjS33P_WfB - Alice of Human Sacrifice with English Sub - 人柱アリス Re:A version - sm4492586
2026/04/02 15:32:39 [FOUND] 25, https://www.vidlii.com/watch?v=8y86p3ZOjO3 - Hatsune Miku - 結ンデ開イテ羅刹ト骸(Hold, Release; Rakshasa and Carcasses) Eng subbed
2026/04/02 15:32:40 [FOUND] 26, https://www.vidlii.com/watch?v=g_0ho9HKOjD - White Dove with English + Romaji Sub - Hatsune Miku - ハト - sm2583719 - HQ
2026/04/02 15:32:48 [FOUND] 27, https://www.vidlii.com/watch?v=HsdnO0JIZD_ - Hatsune Miku - "裏表ラバーズ(Two-Faced Lovers)" English Subbed
2026/04/02 20:41:08 [INFO] Stop requested via /stop
2026/04/02 20:41:08 [INFO] Stop requested
2026/04/02 20:41:08 [INFO] Crawler stopped - 431 videos, 27 targets
2026/04/02 20:41:13 [INFO] Logged in successfully
2026/04/02 20:41:13 [INFO] Running in production mode
2026/04/02 20:41:13 [INFO] Resumed 412 videos, 17 targets
2026/04/02 21:19:59 [FOUND] 18, https://www.vidlii.com/watch?v=X-vjEW-k73W - 空飛ぶSuperCats
2026/04/02 21:20:07 [FOUND] 19, https://www.vidlii.com/watch?v=k5cqO6-Ps9Y - 安倍ようこ - ぴ・ぴ・ぴ
2026/04/02 21:20:14 [FOUND] 20, https://www.vidlii.com/watch?v=4BXsLZD8QJn - LOVE LOVEなのだ
2026/04/02 21:20:36 [FOUND] 21, https://www.vidlii.com/watch?v=f_0XL37KfQc - おでんぱ☆スタジオ ~~ えぶり～らぶり～はっぴ～たいむ
2026/04/02 21:31:07 [FOUND] 22, https://www.vidlii.com/watch?v=qFCG2wpOzGI - ぷよぷよフィーバー ひぐらし 梨花VS羽入(はにゅん)+α
2026/04/02 21:31:27 [FOUND] 23, https://www.vidlii.com/watch?v=E16PLVIRd-K - にじうら天使OSたん
2026/04/02 22:55:38 [FOUND] 24, https://www.vidlii.com/watch?v=c2HVUxD5nMV - ドラモン言えるかな？
2026/04/03 15:06:17 [INFO] Stop requested via /stop
2026/04/03 15:06:17 [INFO] Stop requested
2026/04/03 15:06:17 [INFO] Crawler stopped - 1447 videos, 24 targets
2026/04/03 15:06:19 [INFO] Logged in successfully
2026/04/03 15:06:19 [INFO] Running in production mode
2026/04/03 15:06:19 [INFO] Resumed 1447 videos, 24 targets
2026/04/03 16:55:39 [FOUND] 25, https://www.vidlii.com/watch?v=xaXL0_N76wj - Melt 【メルト】 PV . Hatsune Miku
2026/04/03 17:19:32 [FOUND] 26, https://www.vidlii.com/watch?v=mrNLXJFrphU - 【鏡音リン】炉心融解 Kagamine Rin Meltdown English Sub
2026/04/03 17:24:47 [FOUND] 27, https://www.vidlii.com/watch?v=WEWX3QrmtQ_ - 「マジカル☆ぬこレンレン」 歌ってみた 【cosMo】
2026/04/03 17:36:46 [FOUND] 28, https://www.vidlii.com/watch?v=No8VfVsT5sG - Go Google It with English Sub - Megurine Luka Gakupo - ggrks ググれカス - HQ
2026/04/03 17:36:53 [FOUND] 29, https://www.vidlii.com/watch?v=ves92AstvAp - Rotten Girl Grotesque Romance ロッテンガールグロテスクロマンス
2026/04/03 17:36:57 [FOUND] 30, https://www.vidlii.com/watch?v=wM0_H2S1soS - 【初音ミク】シザーロイド　Scissorloid Eng Subs
2026/04/03 17:37:13 [FOUND] 31, https://www.vidlii.com/watch?v=nHkeCtAhdLl - 【重音テト】Kasane territory
2026/04/03 17:37:16 [FOUND] 32, https://www.vidlii.com/watch?v=03VG8IJwK9H - ねこみみスイッチNekomimi Switch 【Project Diva Extend PSP】
2026/04/03 18:07:54 [FOUND] 33, https://www.vidlii.com/watch?v=eUmz8TNXqSV - DECO*27 - モザイクロール Mozaik Role feat. GUMI
2026/04/03 18:17:57 [FOUND] 34, https://www.vidlii.com/watch?v=6seTDJLXd8x - 粵語音樂合輯香港中樂團 hongkong orchestra make chinese music
2026/04/03 20:22:26 [FOUND] 35, https://www.vidlii.com/watch?v=LqsplU5oDEI - Hatsune Miku singing Caramelldansen Remix ｳｯｰｳｯｰｳﾏｳﾏ(ﾟ∀ﾟ)
2026/04/04 01:23:41 [FOUND] 36, https://www.vidlii.com/watch?v=EG2WIaVn2CF - バルサ･オブ･ミコス
2026/04/04 01:32:04 [FOUND] 37, https://www.vidlii.com/watch?v=CoMeu8SFwRu - KOF98 초필살기 모음 (Special moves + Command)
2026/04/04 01:32:52 [FOUND] 38, https://www.vidlii.com/watch?v=_dvUW7s0Z9p - [스탠드 온리 원] 실버 오스왈드(직플) VS 한마 유지로(AI)
2026/04/04 01:54:14 [FOUND] 39, https://www.vidlii.com/watch?v=Dr0sGbk5BZG - MUGEN : 澤田光一『吸血鬼』VS ポイタイガ
2026/04/04 02:25:18 [FOUND] 40, https://www.vidlii.com/watch?v=Q-AaJ681Aa7 - 【MAD】カミーユが最初から精神崩壊していたら【第8話】
2026/04/04 02:47:26 [FOUND] 41, https://www.vidlii.com/watch?v=UygPvZR_GA5 - 手描き：ゆめにっき考察ＭＡＤ
2026/04/04 03:01:36 [FOUND] 42, https://www.vidlii.com/watch?v=zkksoFYSos_ - 【Lucky☆Star x Night of Nights】【ナイト・オブ・ナイツ】
2026/04/04 11:53:36 [INFO] Stop requested via /stop
2026/04/04 11:53:36 [INFO] Stop requested
2026/04/04 11:53:36 [INFO] Crawler stopped - 6563 videos, 42 targets
2026/04/04 12:02:21 [INFO] Logged in successfully
2026/04/04 12:02:21 [INFO] Running in production mode
2026/04/04 12:02:21 [INFO] Resumed 6412 videos, 42 targets
2026/04/04 12:11:45 [INFO] Logged in successfully
2026/04/04 12:11:45 [INFO] Running in production mode
2026/04/04 12:11:45 [INFO] Resumed 6427 videos, 42 targets
2026/04/04 12:56:57 [INFO] Stop requested via /stop
2026/04/04 12:56:57 [INFO] Stop requested
2026/04/04 12:56:57 [INFO] Crawler stopped - 6440 videos, 42 targets
2026/04/04 13:15:58 [INFO] Logged in successfully
2026/04/04 13:15:58 [INFO] Running in production mode
2026/04/04 13:15:58 [INFO] Resumed 6438 videos, 42 targets
2026/04/04 13:24:10 [FOUND] 43, https://www.vidlii.com/watch?v=7VQTw_IzlB6 - 暴動 RIOT SPEEDPAINT!!!!!
2026/04/04 13:56:08 [FOUND] 44, https://www.vidlii.com/watch?v=DW9i3D6gKqq - TRIVIUM - THROES OF PERDITION (SHOGUN 将軍)
2026/04/04 13:56:11 [FOUND] 45, https://www.vidlii.com/watch?v=jtZHvI94n_s - TRIVIUM - DOWN FROM THE SKY (SHOGUN 将軍)
2026/04/04 13:56:23 [FOUND] 46, https://www.vidlii.com/watch?v=Q67smJzmUIQ - Trivium Into The Mouth of Hell We March (Madden '09 version) Shogun 将軍
2026/04/04 13:56:27 [FOUND] 47, https://www.vidlii.com/watch?v=N35S0Qyuxy5 - Trivium Kirisute Gomen - Shogun 将軍
2026/04/04 13:56:31 [FOUND] 48, https://www.vidlii.com/watch?v=ZAidKv_r74A - TRIVIUM - The Making of Shogun 将軍 - EPISODE III
2026/04/04 14:45:11 [FOUND] 49, https://www.vidlii.com/watch?v=5CxFh3ijDym - Kagerou / Heat Haze (陽炎) - MIDI Recreation; Arachno Soundfont
2026/04/05 21:51:58 [FOUND] 50, https://www.vidlii.com/watch?v=sqZuYCGIDRw - マリオカート64ロストベータビルドの説明
2026/04/06 07:12:37 [INFO] Stop requested via /stop
2026/04/06 07:12:37 [INFO] Stop requested
2026/04/06 07:12:37 [INFO] Crawler stopped - 12059 videos, 50 targets
2026/04/06 16:22:00 [INFO] Logged in successfully
2026/04/06 16:22:00 [INFO] Running in production mode
2026/04/06 16:22:01 [INFO] Resumed 11655 videos, 50 targets
2026/04/06 18:59:45 [FOUND] 51, https://www.vidlii.com/watch?v=QhihYNk6peA - ｗ ａｔｅｒｓｌｉｄ ｅ　－　し　し　お　ど　し
2026/04/06 20:41:30 [FOUND] 52, https://www.vidlii.com/watch?v=8Z4LGAJh_5p - 【MAD】「F」マキシマム ザ ホルモン × DRAGON BALL Z 【再アップ】
2026/04/06 23:31:26 [FOUND] 53, https://www.vidlii.com/watch?v=2JneBlV1poZ - 日本訪問自宅
2026/04/07 01:40:42 [FOUND] 54, https://www.vidlii.com/watch?v=tDH-xvz5LjZ - 【ドラえもん雑学】闇が深すぎる・・・のび太が0点ばかり取る理由　キャ
2026/04/07 05:17:04 [FOUND] 55, https://www.vidlii.com/watch?v=seZv-6jv_ic - YTPMV: [ナイト・オブ・ランドン] Night of Random
2026/04/07 07:02:34 [FOUND] 56, https://www.vidlii.com/watch?v=5txYGv5J-ZX - MAD (まゆら) The End is The Begining is The End
2026/04/07 07:03:11 [FOUND] 57, https://www.vidlii.com/watch?v=Xet2d8hXsbT - 【初音ミク/Hatsune Miku】 Here Comes The Sun / The Beatles 【カバー曲/Cover song】
2026/04/07 07:10:30 [FOUND] 58, https://www.vidlii.com/watch?v=EPM1zY-ch4r - 【ＭＡＤ】７分１６秒で分かる「けいおん！」キャニオン
2026/04/07 08:09:26 [FOUND] 59, https://www.vidlii.com/watch?v=yF1irISDm9e - Drunken Master 醉拳 成龙
2026/04/07 08:23:17 [FOUND] 60, https://www.vidlii.com/watch?v=gMsotHFshde - 방탄소년단 Mixtape720
2026/04/07 09:18:11 [FOUND] 61, https://www.vidlii.com/watch?v=Q5c1GEvswxv - Niconiconi~10分間
2026/04/07 11:51:06 [FOUND] 62, https://www.vidlii.com/watch?v=NyM-HmlsKyM - オモチャ箱シリーズ第3話 絵本1936年 「Pre-WW2 propaganda」
2026/04/07 12:14:23 [FOUND] 63, https://www.vidlii.com/watch?v=1ZKgLrk0etU - URA HORROR 謎の肉玉 CLIP (3)
2026/04/07 12:14:29 [FOUND] 64, https://www.vidlii.com/watch?v=42dWUlb5xum - URA HORROR 襲われたアイドル CLIP (2)
2026/04/07 12:14:36 [FOUND] 65, https://www.vidlii.com/watch?v=lNDPu_qgX2e - URA HORROR スプーン曲げ CLIP (1)
2026/04/07 16:48:49 [FOUND] 66, https://www.vidlii.com/watch?v=kR7aar5EHG6 - YouTube, now owned by China. On Communist Bandits ( 共匪 )
2026/04/07 22:24:51 [FOUND] 67, https://www.vidlii.com/watch?v=Z3-qZFG6jYv - ヴァルゴ
2026/04/07 22:54:35 [FOUND] 68, https://www.vidlii.com/watch?v=yGv7cuQxY-e - 出征兵士を送る歌 Shussei Heishi o Okuru Uta (English subtitles)
2026/04/08 01:49:45 [FOUND] 69, https://www.vidlii.com/watch?v=FOq9pEHEPmI - 【パラパラ】名古屋 RADIO CITY DEMO【ParaPara】
2026/04/08 01:50:07 [FOUND] 70, https://www.vidlii.com/watch?v=kTn3YRlbf1J - 【パラパラ】RONDE CLUB 1【ParaPara】
2026/04/08 05:21:19 [FOUND] 71, https://www.vidlii.com/watch?v=xI1zXHq88pO - SOCiALiSM / BiS-新生アイドル研究会- [OFFiCiAL ViDEO]
2026/04/08 05:53:46 [FOUND] 72, https://www.vidlii.com/watch?v=Gd08Dsp-imk - The First 15 Minutes of @Simple V シリーズ Vol. 1 - The どこでもギャル麻雀 (Vita)
2026/04/08 06:02:17 [FOUND] 73, https://www.vidlii.com/watch?v=fYhfg0kYUPk - 【東方】 Bad apple!! Sub Ita
2026/04/08 06:35:28 [FOUND] 74, https://www.vidlii.com/watch?v=Rves1j5ycGT - Resident Evil 15th EA Shooting Bar Tokyo - バイオハザードシリーズ15
2026/04/09 07:41:31 [FOUND] 75, https://www.vidlii.com/watch?v=f4Rcxvz9pNG - MACINTOSH PLUS リサフランク420 現代のコンピュー
2026/04/09 09:06:32 [FOUND] 76, https://www.vidlii.com/watch?v=1Owt1pnTG_q - Hatsune Miku - '裏表ラバーズ(Two-Faced Lovers)' English Subbed PV
2026/04/09 09:27:20 [FOUND] 77, https://www.vidlii.com/watch?v=VqcEHLYqQRJ - てすと in 東方 Final test
2026/04/09 10:07:14 [FOUND] 78, https://www.vidlii.com/watch?v=5SMUm6gI1z9 - 【Real Dreams 2015】 ギャラ子/Galaco NEO (VOCALOID3)
2026/04/09 10:07:16 [FOUND] 79, https://www.vidlii.com/watch?v=CyPHPttbsEP - 【初音ミクV4X】Ameno 「VOCALOID4 Cover」
2026/04/09 10:49:03 [FOUND] 80, https://www.vidlii.com/watch?v=kvkLuw-pXpf - I Wish They'd Just Die (死ねば良いのに/Shineba ii no ni) - DBU ft. KAITO (Romaji and Spanish
2026/04/09 14:56:26 [FOUND] 81, https://www.vidlii.com/watch?v=eXsx-coebsx - 【UTAU】ゆめにっき　１９２５【白鐘ヒヨリ】
2026/04/09 14:57:39 [FOUND] 82, https://www.vidlii.com/watch?v=gVjUEca58Vn - 【Sodappoid】Panda Hero【UTAUカバー】
2026/04/09 14:57:47 [FOUND] 83, https://www.vidlii.com/watch?v=fhQlcELyVgd - 【UTAUカバー】Soleil 【Renna Genvyre】
2026/04/09 14:57:55 [FOUND] 84, https://www.vidlii.com/watch?v=vaREvtCBgN4 - Animation 【utauカバー】| Ravedj
2026/04/09 16:39:34 [FOUND] 85, https://www.vidlii.com/watch?v=-XCBny_gQqp - VOCALOID Miku―Amananaguchi (ダンス　カバー)
2026/04/09 16:45:15 [FOUND] 86, https://www.vidlii.com/watch?v=emwKBM0S4UM - 初音ミク　デモソング hatsune miku demo (Reupload)
2026/04/09 18:17:11 [FOUND] 87, https://www.vidlii.com/watch?v=v8DJ8TunOxS - 【鏡音リン・レン】Twilight Sunset | ゆうやけサンセット【オリジナル】
2026/04/09 18:26:38 [FOUND] 88, https://www.vidlii.com/watch?v=rrZb_qCsc1Z - 龍が如く４/Yakuza 4　Butterfly City
2026/04/09 20:10:47 [FOUND] 89, https://www.vidlii.com/watch?v=Y4UkqAZppU0 - [MMD] Schrödinger's Kitten [巡音ルカ]
2026/04/10 00:49:12 [FOUND] 90, https://www.vidlii.com/watch?v=jrxRSSEDw6T - Mother 3 MAD ~泣いて~
2026/04/10 07:20:49 [FOUND] 91, https://www.vidlii.com/watch?v=TNxklP3ybjf - DJ Sharpnel - 世音
2026/04/10 10:29:32 [FOUND] 92, https://www.vidlii.com/watch?v=E2AajjjKLCL - Mozart  Requiem  Lacrimosa  (Vocaloid Miku) レクイエム「涙の日」 初音ミク
2026/04/10 10:35:48 [FOUND] 93, https://www.vidlii.com/watch?v=VtjS33P_WfB&pl=cPev3KXdjCT - Alice of Human Sacrifice with English Sub - 人柱アリス Re:A version - sm4492586
2026/04/10 10:36:04 [FOUND] 94, https://www.vidlii.com/watch?v=wUyaIVYGvOM&pl=cPev3KXdjCT - 【手描き】 Hatsune Miku - World is Mine【PV】with English Subs
2026/04/10 10:36:11 [FOUND] 95, https://www.vidlii.com/watch?v=eUmz8TNXqSV&pl=cPev3KXdjCT - DECO*27 - モザイクロール Mozaik Role feat. GUMI
2026/04/10 10:37:31 [FOUND] 96, https://www.vidlii.com/watch?v=mrNLXJFrphU&pl=cPev3KXdjCT - 【鏡音リン】炉心融解 Kagamine Rin Meltdown English Sub
2026/04/10 13:29:34 [FOUND] 97, https://www.vidlii.com/watch?v=z7tN2hMnfOP - 佐敦站至尖沙咀站 - Jordan Station to Tsim Sha Tsui Station
2026/04/10 13:29:36 [FOUND] 98, https://www.vidlii.com/watch?v=_CFdnEtiow3 - 香港中樂團 (hongkong chinese orchestra) - eroica
2026/04/10 15:49:32 [FOUND] 99, https://www.vidlii.com/watch?v=2kZEmdfIGnM - 【Genshin MMD】Excuse Me (AOA) - Mona モナ
2026/04/10 22:20:44 [FOUND] 100, https://www.vidlii.com/watch?v=Jy58Om7U5TN - Chinese YTPMV Source - Bluecat Geping (蓝猫配音演员：葛平)
2026/04/11 06:05:09 [FOUND] 101, https://www.vidlii.com/watch?v=JckE_nHeM73 - 徐梦圆 - China-P High Tone
2026/04/11 07:53:33 [FOUND] 102, https://www.vidlii.com/watch?v=yoPdboRPFoI - 张勇最强的推文
2026/04/11 13:48:55 [INFO] Stop requested via /stop
2026/04/11 13:48:55 [INFO] Stop requested
2026/04/11 13:48:55 [INFO] Crawler stopped - 25086 videos, 102 targets
2026/04/11 15:12:21 [INFO] Logged in successfully
2026/04/11 15:12:21 [INFO] Running in production mode
2026/04/11 15:12:21 [INFO] Resumed 24016 videos, 81 targets
2026/04/11 20:47:14 [FOUND] 82, https://www.vidlii.com/watch?v=ntB_TpsXkkI - MACINTOSH PLUS -  リサフランク420 現代のコンピュー
2026/04/12 04:02:08 [FOUND] 83, https://www.vidlii.com/watch?v=gpjs7iUmPkb - Castlevania The Adventure【ドラキュラ伝説】Stage 3 No Deaths+Custom Music 28/09/19
2026/04/12 06:50:49 [FOUND] 84, https://www.vidlii.com/watch?v=IoZjIbTiQnl - the page of today 오늘의 페이지
2026/04/12 08:17:34 [FOUND] 85, https://www.vidlii.com/watch?v=Anr1OW27xS4 - 亜蘭知子　Love Connection
2026/04/12 13:10:04 [FOUND] 86, https://www.vidlii.com/watch?v=43I-jh8Y1b5 - Girls' Generation 소녀시대 "힘 내! (Way To Go)" MV
2026/04/12 13:10:14 [FOUND] 87, https://www.vidlii.com/watch?v=3mYT2lwzq7z - [MV] MOMOLAND (모모랜드) _ BBoom BBoom (뿜뿜)
2026/04/12 13:10:20 [FOUND] 88, https://www.vidlii.com/watch?v=vIIZVOH4ReJ - Girls' Generation 소녀시대 'Oh!' MV
2026/04/12 13:10:26 [FOUND] 89, https://www.vidlii.com/watch?v=pHWR8pDQAiy - Girls' Generation 少女時代 'MR. TAXI' MV (JPN Ver.)
2026/04/12 13:10:30 [FOUND] 90, https://www.vidlii.com/watch?v=wy-hMeDuJ7S - Girls' Generation 소녀시대 'Gee' MV
2026/04/12 19:38:34 [INFO] Stop requested via /stop
2026/04/12 19:38:34 [INFO] Stop requested
2026/04/12 19:38:34 [INFO] Crawler stopped - 28623 videos, 90 targets
2026/04/12 19:53:39 [INFO] Logged in successfully
2026/04/12 19:53:39 [INFO] Running in production mode
2026/04/12 19:53:39 [INFO] Resumed 28283 videos, 90 targets
2026/04/12 21:30:00 [FOUND] 91, https://www.vidlii.com/watch?v=OREaXqfnzdV - 流星ドライブ
2026/04/12 21:30:22 [FOUND] 92, https://www.vidlii.com/watch?v=K2NuFw7DFno - 日本ブレイク工業(PV)
2026/04/13 07:39:26 [FOUND] 93, https://www.vidlii.com/watch?v=ediE8U9nKwm - THE BLUE HEARTS __ Linda Linda 1987 ザ・ブルーハーツ「リンダ リンダ
2026/04/13 10:40:26 [FOUND] 94, https://www.vidlii.com/watch?v=F2pxoz6-FNM - 浅香唯　Melody [360p]
2026/04/13 17:57:28 [INFO] Stop requested via /stop
2026/04/13 17:57:28 [INFO] Stop requested
2026/04/13 17:57:28 [INFO] Crawler stopped - 30656 videos, 94 targets
2026/04/13 18:48:37 [INFO] Logged in successfully
2026/04/13 18:48:37 [INFO] Running in production mode
2026/04/13 18:48:37 [INFO] Resumed 30496 videos, 93 targets
2026/04/13 23:28:23 [FOUND] 94, https://www.vidlii.com/watch?v=1xNPquOf9Wj - OSAMU SATO 佐藤理 - FACE THE MUSIC (MUSIC VIDEO)
2026/04/14 04:14:36 [FOUND] 95, https://www.vidlii.com/watch?v=djLBM7yZAvw - 東方妖々夢　～ Perfect Cherry Blossom  Perfect Level 1_ Perfecta Nível 1
2026/04/14 06:11:49 [FOUND] 96, https://www.vidlii.com/watch?v=RLpHVJek2uV - afraid to meet someone 누군가를 만나는게 무섭다
2026/04/14 06:12:08 [FOUND] 97, https://www.vidlii.com/watch?v=oKNsCyDmHVc - dot 점_
2026/04/14 06:12:21 [FOUND] 98, https://www.vidlii.com/watch?v=Ah30O1d3io- - a creased heart 종이학
2026/04/14 06:12:25 [FOUND] 99, https://www.vidlii.com/watch?v=wGYB-P81f9R - 愛しいくらいだ citypop version
2026/04/14 06:12:31 [FOUND] 100, https://www.vidlii.com/watch?v=f52Tk7fr91q - 박소은  아무렇지 않은 저녁 MV
2026/04/14 06:12:37 [FOUND] 101, https://www.vidlii.com/watch?v=bALK9Isew8Z - 고요
2026/04/14 06:12:47 [FOUND] 102, https://www.vidlii.com/watch?v=qoaOQA3y-WT - ふゆびより
2026/04/14 06:12:53 [FOUND] 103, https://www.vidlii.com/watch?v=-k4gy0CRDvv - easy life easy curry カレーメシのうた
2026/04/14 11:31:54 [FOUND] 104, https://www.vidlii.com/watch?v=6nE_hZmSIbR - ❀ : [ Sakura Haruno , 春野サクラ AMV ] - Red Fraction .
2026/04/14 11:31:59 [FOUND] 105, https://www.vidlii.com/watch?v=WaoufZ5GKfX - 【 SasuSaku MEP ! – スサク 】All I Need Is You .
2026/04/14 17:33:06 [FOUND] 106, https://www.vidlii.com/watch?v=RdaiUnB7RiC - [MAD]パラッパラッパー　op Love Togther
2026/04/15 02:41:49 [FOUND] 107, https://www.vidlii.com/watch?v=NSbb1rahegL - ポリスマン／GAL男宣言
2026/04/15 02:42:00 [FOUND] 108, https://www.vidlii.com/watch?v=ULZDwCvaN7j - 【合作】 - International Wrestling Festival - 【は兄貴誕生祭】
2026/04/15 04:02:15 [FOUND] 109, https://www.vidlii.com/watch?v=IgOnaXA7RN7 - ☆☆☆☆ XXX姦姦姦 FRESH☆Lolita☆Incest Rape 88GB Torrent Stvrving, Slvts, 近親相姦レ
2026/04/15 05:52:11 [FOUND] 110, https://www.vidlii.com/watch?v=zaIpD5JrOqF - ๐·°♡the sub account♡°·๐  - More One Night(the sub account Flip)  チト(CV.水瀬いの?
2026/04/15 07:42:08 [FOUND] 111, https://www.vidlii.com/watch?v=p0Erm0GljF5 - Footsteps 발걸음
2026/04/16 01:06:43 [FOUND] 112, https://www.vidlii.com/watch?v=-vp81cxzBJv - 【Cry of Fear】＃１― びっくりした！
2026/04/16 01:06:50 [FOUND] 113, https://www.vidlii.com/watch?v=oX2hH2pS_5Z - [GMV] White Day ~ 学校という名の迷宮 #1
2026/04/16 01:06:58 [FOUND] 114, https://www.vidlii.com/watch?v=LO-uabsIwhz - [GMV] White Day A Labyrinth Named School (화이트데이 학교라는 이름의 미궁) #1
2026/04/17 16:04:19 [INFO] Stop requested via /stop
2026/04/17 16:04:19 [INFO] Stop requested
2026/04/17 16:04:19 [INFO] Crawler stopped - 39538 videos, 114 targets
2026/04/17 16:07:40 [INFO] Logged in successfully
2026/04/17 16:07:40 [INFO] Running in production mode
2026/04/17 16:07:40 [INFO] Resumed 38735 videos, 114 targets
2026/04/18 04:57:46 [FOUND] 115, https://www.vidlii.com/watch?v=ezEb10bcZEi - 芙羽子 - ハレ晴レユカイ (Eurobeat Mix)
2026/04/18 07:11:33 [FOUND] 116, https://www.vidlii.com/watch?v=i50os1rcXGk - Night Tempo センパイ - Night Cruising
2026/04/18 10:27:59 [FOUND] 117, https://www.vidlii.com/watch?v=GPKuGfw9lBO - ゆっこ・みお・麻衣のスチャラカ三人衆
2026/04/18 19:09:31 [FOUND] 118, https://www.vidlii.com/watch?v=OtJFzDp4PZE - ｆ ａ ｓ ｈ ｗ ａ ｖ ｅ ナチ１９３９
2026/04/18 19:23:10 [FOUND] 119, https://www.vidlii.com/watch?v=_zOfxszJHj4 - [MMD] 初音ミク - Killer B ⧸ Hatsune Miku - Killer B
2026/04/18 22:37:18 [INFO] Stop requested via /stop
2026/04/18 22:37:18 [INFO] Stop requested
2026/04/18 22:37:18 [INFO] Crawler stopped - 42093 videos, 119 targets
2026/04/18 22:41:30 [INFO] Logged in successfully
2026/04/18 22:41:30 [INFO] Running in production mode
2026/04/18 22:41:30 [INFO] Resumed 42002 videos, 119 targets
2026/04/19 06:22:19 [FOUND] 120, https://www.vidlii.com/watch?v=cx2RbCUV9OS - 과자쿠키와만두와도날드덕의 횡설수설
2026/04/19 08:19:35 [FOUND] 121, https://www.vidlii.com/watch?v=y_Hmd5efLjL - 雪无音 辺窗
2026/04/19 21:20:18 [FOUND] 122, https://www.vidlii.com/watch?v=qlQka-GRy6a - やったねたえちゃん！第1章 (ニコニコ動画から)
2026/04/20 01:39:16 [FOUND] 123, https://www.vidlii.com/watch?v=0RcnMJqDamU - Bardock vs Kid Goku (バーダック 対 孫そん悟ご空) - Hyper DBZ mods
2026/04/20 12:07:31 [FOUND] 124, https://www.vidlii.com/watch?v=yNV9fAegTOf - LamazeP - Triple Baka 「驫麤～とりぷるばか～」full version
2026/04/20 12:37:26 [FOUND] 125, https://www.vidlii.com/watch?v=i1YecOcQU80 - 片道きゃっちぼーる
2026/04/20 12:37:30 [FOUND] 126, https://www.vidlii.com/watch?v=25yUYtnhdLe - 商品おすすめソシエちゃん - MOSAIC.WAV
2026/04/20 12:37:37 [FOUND] 127, https://www.vidlii.com/watch?v=c8coqSzefMR - おでんぱ☆スタジオ - ぴこみこ＠オンライン～おでんぱ神社へようこそ～
2026/04/20 13:48:15 [FOUND] 128, https://www.vidlii.com/watch?v=tPsORGzNWFB - 【ゆめにっき】Behind There Somewhere
2026/04/20 21:46:14 [FOUND] 129, https://www.vidlii.com/watch?v=U8ThXiWJvZ9 - The First 15 Minutes of 新·三国戦紀 七星転生 (Dreamcast)
2026/04/21 04:03:20 [FOUND] 130, https://www.vidlii.com/watch?v=PlteVNTkxES - Napoli-Chan Napolitan  La pasta napoletana!「ナポナポリタ」SUB ITA
2026/04/21 16:01:11 [FOUND] 131, https://www.vidlii.com/watch?v=yJU6NAoEkkB - The Weaver of 東方 Touhou Unplugged/Folk 53 & 54 Fate
2026/04/21 16:04:47 [FOUND] 132, https://www.vidlii.com/watch?v=DAXvc0z2bzC - オーディエンスを沸かす程度の能力【らっぷびと様＆タイツォン様】
2026/04/21 17:14:18 [FOUND] 133, https://www.vidlii.com/watch?v=NBnR89KDC9m - 【梦日记手书】窗子的槌子歌与悲痛之塔 (Hammer song and The Tower of Pain)
2026/04/21 17:14:26 [FOUND] 134, https://www.vidlii.com/watch?v=YXhruTz0h3Z - 【ゆめにっき】サイノウサンプラー【手描き】
2026/04/21 17:14:35 [FOUND] 135, https://www.vidlii.com/watch?v=CjRpMrMef5O - ゆめにっきのケイゾクOPパロが恐ろしいクオリティな件【微グロ注意】
2026/04/21 17:14:42 [FOUND] 136, https://www.vidlii.com/watch?v=NiwNFWU-Kuh - 【ゆめにっき】愛に奇術師【手描き】
2026/04/21 17:14:50 [FOUND] 137, https://www.vidlii.com/watch?v=yFjtwbCIHIk - 【ゆめにっき】アストロナイメア【手描きMAD】
2026/04/21 17:15:06 [FOUND] 138, https://www.vidlii.com/watch?v=MSrx0ybJlge - 【手描き】窓付きが最後の夢を見た【ゆめにっき】
2026/04/21 17:15:07 [FOUND] 139, https://www.vidlii.com/watch?v=f-gen7rWv99 - 【ゆめにっき】ひねくれネジと雨【手描きMAD】
2026/04/21 17:15:30 [FOUND] 140, https://www.vidlii.com/watch?v=OPb-KCJRVuJ - 【ゆめにっき/手書】Badbye
2026/04/21 17:15:38 [FOUND] 141, https://www.vidlii.com/watch?v=kw4EmtzQyZ8 - 【MAD】しんすけのゆめにっき
2026/04/21 17:15:39 [FOUND] 142, https://www.vidlii.com/watch?v=5u2hPR8AfeU - 【手描き】The Ghosts You Draw on My Back【ゆめにっき】
2026/04/21 17:15:46 [FOUND] 143, https://www.vidlii.com/watch?v=AYGziSvScIZ - 【入眠用】ジムノペディ【手描きゆめにっき】
2026/04/21 22:50:05 [FOUND] 144, https://www.vidlii.com/watch?v=9F7bg85Rz0w - The First 15 Minutes of @Simple V シリーズ Vol. 2: The 逃走ハイウェイ Full Boost (Vita)
2026/04/22 00:28:28 [FOUND] 145, https://www.vidlii.com/watch?v=hj0eNYlzvHH - U☆TOPIA - 我愛ｲ尓
2026/04/22 00:28:37 [FOUND] 146, https://www.vidlii.com/watch?v=_XSvruBbB-o - 【鉄道むすめ】Vol 5　八木沢まい【高橋美佳子】
2026/04/22 00:28:47 [FOUND] 147, https://www.vidlii.com/watch?v=YhFT_pU1bq7 - 【東方ボーカル】 「三千世界」 【幽閉サテライト】
2026/04/22 01:17:17 [FOUND] 148, https://www.vidlii.com/watch?v=jSsPT9aXFkh - 【東方ボーカルENG SUBS】THE END【A-ONE】
2026/04/22 03:39:28 [FOUND] 149, https://www.vidlii.com/watch?v=1DjLdfP4CO1 - GGXX AC+R　ヴェノム　初心者向けコンボ解説
2026/04/22 03:39:56 [FOUND] 150, https://www.vidlii.com/watch?v=RFOCs5iEeDM - Troll Badguy- Kusoru (クソル) Tribute
2026/04/22 03:48:29 [FOUND] 151, https://www.vidlii.com/watch?v=cylBthwi0H1 - ろん -「おちゃめ機能」FUKKIRETA (Preserved Annotations)
2026/04/22 04:06:32 [FOUND] 152, https://www.vidlii.com/watch?v=Iegt9b31glX - T-ARA(티아라) _ Sexy Love (ROBOT Dance Ver. MV)
2026/04/22 04:07:00 [FOUND] 153, https://www.vidlii.com/watch?v=UOxnXoAwL2l - T-ARA(티아라) _ Sexy Love (ROBOT Dance Ver. MV)
2026/04/22 05:49:58 [FOUND] 154, https://www.vidlii.com/watch?v=VLda7HbRfhI - 涼みやはるひ Haruhi Suzumiya ~ Caramelldansen
2026/04/22 14:56:40 [FOUND] 155, https://www.vidlii.com/watch?v=lIKOkdPIMyg - [ＣＬＥＡＮ　ＷＯＭＥＮ] Ｂｒａｚｉｌｉａｎ  ＶＡＰＯＲＷＡＶＥ  のedn
2026/04/22 14:56:58 [FOUND] 156, https://www.vidlii.com/watch?v=Vh3c8Crb9f3 - Shinjuku Golden Street - 2814 (新宿ゴールデン街) Music Video
2026/04/22 22:41:33 [INFO] Logged in successfully
2026/04/22 22:41:33 [INFO] Running in production mode
2026/04/22 22:41:33 [INFO] Resumed 51330 videos, 156 targets
2026/04/23 04:05:17 [FOUND] 157, https://www.vidlii.com/watch?v=enG5AEYcfub - Miki Matsubara - 私と一緒にいて (Stay With Me) Mayonaka no Door
2026/04/23 04:06:13 [FOUND] 158, https://www.vidlii.com/watch?v=VCz9QJ4eZ6J - レット・ミー・ビー・ウィズ・ユー - ラウンド・テーブル feat.ニノ
2026/04/23 09:49:59 [FOUND] 159, https://www.vidlii.com/watch?v=x8BpsZNgciS - Rebirth 東方 Touhou Unplugged/Classic 31
2026/04/23 23:41:43 [FOUND] 160, https://www.vidlii.com/watch?v=8YRUmkNKp6M - Yasuke - 調和 (Clip)
2026/04/24 00:12:48 [FOUND] 161, https://www.vidlii.com/watch?v=Sjo2gL_-CGt - 進撃の巨人 - Attack on Titan OST - Footsteps of Doom［Official Audio］
2026/04/24 17:13:26 [INFO] Stop requested via /stop
2026/04/24 17:13:26 [INFO] Stop requested
2026/04/24 17:13:26 [INFO] Crawler stopped - 54506 videos, 161 targets
2026/04/24 17:16:43 [INFO] Logged in successfully
2026/04/24 17:16:43 [INFO] Running in production mode
2026/04/24 17:16:43 [INFO] Resumed 54506 videos, 161 targets
2026/04/24 18:47:55 [INFO] Stop requested via /stop
2026/04/24 18:47:55 [INFO] Stop requested
2026/04/24 18:47:55 [INFO] Crawler stopped - 54627 videos, 161 targets
2026/04/24 19:23:43 [INFO] Logged in successfully
2026/04/24 19:23:43 [INFO] Running in production mode
2026/04/24 19:23:43 [INFO] Resumed 54627 videos, 161 targets
2026/04/24 23:00:04 [WARN] https://www.vidlii.com/watch?v=fds_V2tpzOn returned 500, backing off 30s
2026/04/24 23:00:07 [WARN] https://www.vidlii.com/watch?v=qd84ocQN_Pg returned 500, backing off 30s
2026/04/24 23:00:08 [WARN] https://www.vidlii.com/watch?v=qd84ocQN_Pg returned 500, backing off 30s
2026/04/25 05:00:04 [WARN] https://www.vidlii.com/watch?v=4zIcoPsitOm returned 500, backing off 30s
2026/04/25 06:22:30 [FOUND] 162, https://www.vidlii.com/watch?v=jV77T0VWJxb - さき さのばし
2026/04/25 10:26:47 [FOUND] 163, https://www.vidlii.com/watch?v=mRgTJPoH8O9 - roblox漫长的时刻
2026/04/28 15:09:55 [INFO] Logged in successfully
2026/04/28 15:09:55 [INFO] Running in production mode
2026/04/28 15:09:55 [INFO] Resumed 61883 videos, 169 targets
2026/04/28 16:05:03 [WARN] https://www.vidlii.com/watch?v=dAlts9aVILq returned 429, backing off 30s
2026/04/28 17:00:27 [WARN] https://www.vidlii.com/watch?v=9Mc1k2Ky9t1&pl=IKKmX6boVT3 returned 500, backing off 30s
2026/04/28 17:00:27 [WARN] https://www.vidlii.com/watch?v=9Mc1k2Ky9t1&pl=IKKmX6boVT3 returned 500, backing off 30s
2026/04/28 17:15:30 [INFO] Stop requested via /stop
2026/04/28 17:15:30 [INFO] Stop requested
2026/04/28 17:15:30 [INFO] Crawler stopped - 62053 videos, 169 targets
2026/04/28 17:53:12 [INFO] Logged in successfully
2026/04/28 17:53:12 [INFO] Running in production mode
2026/04/28 17:53:12 [INFO] Resumed 62053 videos, 169 targets
2026/04/28 18:07:42 [FOUND] 170, https://www.vidlii.com/watch?v=o3jAeYouIW7 - MACINTOSH PLUS - リサフランク420 / 現代のコンピュー |
2026/04/28 23:00:02 [WARN] https://www.vidlii.com/watch?v=tt4x0zjL2b9 returned 500, backing off 30s
2026/04/28 23:00:02 [WARN] https://www.vidlii.com/watch?v=tXY01UBSQ20 returned 500, backing off 30s
2026/04/28 23:00:04 [WARN] https://www.vidlii.com/watch?v=tXY01UBSQ20 returned 500, backing off 30s
2026/04/29 00:12:49 [FOUND] 171, https://www.vidlii.com/watch?v=LIHLs4_mXcs - ナイト・オブ・【COCKSO】
2026/04/29 00:20:11 [WARN] Retry 1/3 for https://www.vidlii.com/watch?v=: http2: server sent GOAWAY and closed the connection; LastStreamID=19999, ErrCode=NO_ERROR, debug=""
2026/04/29 00:46:56 [FOUND] 172, https://www.vidlii.com/watch?v=XRz_RUXSqRm - Tatuki Seksu - プリコグ
2026/04/29 17:00:15 [WARN] https://www.vidlii.com/watch?v=XsgKgovaaVK returned 500, backing off 30s
2026/04/29 17:00:16 [WARN] https://www.vidlii.com/watch?v=XsgKgovaaVK returned 500, backing off 30s
2026/04/29 17:27:21 [FOUND] 173, https://www.vidlii.com/watch?v=gJvCYMl_buI - smash vintage Galaxy box fan in the box 卓上扇風機
2026/05/01 18:14:14 [FOUND] 174, https://www.vidlii.com/watch?v=RD48mllOIZi - 【라온】 도쿄구울 (東京喰種, Tokyo Ghoul) OP - unravel (vocal cover)
2026/05/02 01:16:29 [INFO] Stop requested via /stop
2026/05/02 01:16:29 [INFO] Stop requested
2026/05/02 01:16:29 [INFO] Crawler stopped - 69456 videos, 174 targets
2026/05/02 01:19:15 [INFO] Logged in successfully
2026/05/02 01:19:15 [INFO] Running in production mode
2026/05/02 01:19:15 [INFO] Resumed 69299 videos, 174 targets
2026/05/02 05:00:02 [WARN] https://www.vidlii.com/watch?v=DPXe1TPqVKF returned 500, backing off 30s
2026/05/02 05:00:05 [WARN] https://www.vidlii.com/watch?v=DPXe1TPqVKF returned 500, backing off 30s
2026/05/02 05:00:08 [WARN] https://www.vidlii.com/watch?v=f6TLP9cRd9c returned 500, backing off 30s
2026/05/02 11:00:01 [WARN] https://www.vidlii.com/watch?v=Mt3aohkeS2u returned 500, backing off 30s
2026/05/02 11:00:06 [WARN] https://www.vidlii.com/watch?v=-fuIhltfxRJ returned 500, backing off 30s
2026/05/02 11:00:08 [WARN] https://www.vidlii.com/watch?v=-fuIhltfxRJ returned 500, backing off 30s
2026/05/02 13:08:38 [FOUND] 175, https://www.vidlii.com/watch?v=n4dqrxdqpOI - 日本シリーズ2017　全試合ダイジェスト
2026/05/02 13:15:16 [FOUND] 176, https://www.vidlii.com/watch?v=eJRQ7WhryAE - Crimson 東方 Touhou Unplugged Classic 51
2026/05/02 20:13:30 [INFO] Stop requested via /stop
2026/05/02 20:13:30 [INFO] Stop requested
2026/05/02 20:13:30 [INFO] Crawler stopped - 70780 videos, 176 targets
2026/05/02 20:15:06 [INFO] Logged in successfully
2026/05/02 20:15:06 [INFO] Running in production mode
2026/05/02 20:15:06 [INFO] Resumed 70780 videos, 176 targets
2026/05/02 20:15:09 [WARN] https://www.vidlii.com/watch?v=XTTaPQsI72m returned 429, backing off 30s
2026/05/02 20:15:14 [WARN] https://www.vidlii.com/watch?v=8ELiBcDwJzS returned 429, backing off 30s
2026/05/02 20:15:16 [INFO] Stop requested via /stop
2026/05/02 20:15:16 [INFO] Stop requested
2026/05/02 20:15:16 [INFO] Crawler stopped - 70780 videos, 176 targets
2026/05/03 10:21:25 [INFO] Logged in successfully
2026/05/03 10:21:25 [INFO] Running in test mode
2026/05/03 10:21:25 [INFO] Cleared MongoDB and Redis
2026/05/03 10:21:36 [DEBUG] url=https://www.vidlii.com/watch?v=K5u6i67Cg3e title=アイドルマスター　急降下爆撃～STUKA Lied2008～　スツーカリート.flv date=Dec 25, 2017 dur=206
2026/05/03 10:21:36 [FOUND] 1, https://www.vidlii.com/watch?v=K5u6i67Cg3e - アイドルマスター　急降下爆撃～STUKA Lied2008～　スツーカリート.flv
2026/05/03 10:21:37 [DEBUG] url=https://www.vidlii.com/watch?v=c4BFXphOWvI title=Miko Miko Nurse date=Dec 14, 2017 dur=39
2026/05/03 10:21:37 [DEBUG] url=https://www.vidlii.com/watch?v=gokalOcgTji title=HIGH TENSION JAPANESE GOBLIN date=Dec 21, 2017 dur=255
2026/05/03 10:21:37 [DEBUG] url=https://www.vidlii.com/watch?v=njl65hsfsLx title=myon myon date=Dec 21, 2017 dur=372
2026/05/03 10:21:38 [DEBUG] url=https://www.vidlii.com/watch?v=vC6R7hOEamy title=Spraying my deodorant directly east date=Dec 21, 2017 dur=62
2026/05/03 10:21:38 [DEBUG] url=https://www.vidlii.com/watch?v=9HtMVesj9Pw title=mootykins date=Dec 14, 2017 dur=162
2026/05/03 10:21:38 [DEBUG] url=https://www.vidlii.com/watch?v=jCg005EDdR7 title=The 4chan 10th Anniversary Panel Intro date=Dec 14, 2017 dur=149
2026/05/03 10:21:38 [DEBUG] url=https://www.vidlii.com/watch?v=QY0FU5BH0jC title=LONGCAT BE LOOOOOOONG date=Dec 14, 2017 dur=94
2026/05/03 10:21:38 [DEBUG] url=https://www.vidlii.com/watch?v=AxQxmhWdO0u title=Leek Spin date=Aug 24, 2017 dur=132
2026/05/03 10:21:39 [DEBUG] url=https://www.vidlii.com/watch?v=lfsnSgj58PF title=twin wrong god of super waha~ date=Dec 12, 2017 dur=129
2026/05/03 10:21:41 [DEBUG] url=https://www.vidlii.com/watch?v=3uZiZ3Ykqyc title=Freedom Planet: Sky Battalion (Sega Genesis Remix) date=Dec 03, 2017 dur=251
2026/05/03 10:21:46 [DEBUG] url=https://www.vidlii.com/watch?v=WeqGjmhTnjv title=Not Ashamed date=Dec 13, 2017 dur=30
2026/05/03 10:21:46 [DEBUG] url=https://www.vidlii.com/watch?v=KO8_LEHaDUA title=dedicated to tha boyz back home date=Dec 13, 2017 dur=23
2026/05/03 10:21:58 [DEBUG] url=https://www.vidlii.com/watch?v=-ksAcuuSt44 title=Chavo del 8 (Loquendo) El examen date=Jan 19, 2023 dur=448
2026/05/03 10:21:58 [DEBUG] url=https://www.vidlii.com/watch?v=nZWaHKLCWvG title=VLPH: El Chaco: deluxe edition date=May 02, 2026 dur=121
2026/05/03 10:21:59 [DEBUG] url=https://www.vidlii.com/watch?v=3lF_MoT8KJd title=Fight It date=Sep 12, 2024 dur=12
2026/05/03 10:22:00 [DEBUG] url=https://www.vidlii.com/watch?v=gZDMhvU1w9y title=We Built This Cave (NameOfTheDJ Reupload) date=Apr 30, 2026 dur=100
2026/05/03 10:22:01 [DEBUG] url=https://www.vidlii.com/watch?v=zszI56nhhCl title=[Míííítico!]Ronald Arruaceiro date=Jan 10, 2021 dur=188
2026/05/03 10:22:03 [DEBUG] url=https://www.vidlii.com/watch?v=bBbCSZhotaK title=Trans woman responds to going VIRAL on Vidlii. date=Mar 30, 2026 dur=77
2026/05/03 10:22:03 [DEBUG] url=https://www.vidlii.com/watch?v=sdtYkebaDEX title=This Is Fine... date=May 03, 2026 dur=115
2026/05/03 10:22:03 [DEBUG] url=https://www.vidlii.com/watch?v=K0qaAksyOjJ title=Re: Entrevista a aclarandoloquendero loquendo date=May 02, 2026 dur=277
2026/05/03 10:22:04 [DEBUG] url=https://www.vidlii.com/watch?v=d77yAJtGiYa title=CCP THUGS COMPILATION (#19) date=Oct 28, 2025 dur=890
2026/05/03 10:22:05 [INFO] Test finished - 22 videos, 1 targets
2026/05/03 10:22:05 Visited 22 videos, target 1
2026/05/03 10:24:44 [INFO] Logged in successfully
2026/05/03 10:24:44 [INFO] Running in test mode
2026/05/03 10:24:44 [INFO] Cleared MongoDB and Redis
2026/05/03 10:24:52 [DEBUG] url=https://www.vidlii.com/watch?v=K5u6i67Cg3e title=アイドルマスター　急降下爆撃～STUKA Lied2008～　スツーカリート.flv date=Dec 25, 2017 dur=206
2026/05/03 10:24:52 [FOUND] 1, https://www.vidlii.com/watch?v=K5u6i67Cg3e - アイドルマスター　急降下爆撃～STUKA Lied2008～　スツーカリート.flv
2026/05/03 10:24:54 [DEBUG] url=https://www.vidlii.com/watch?v=QY0FU5BH0jC title=LONGCAT BE LOOOOOOONG date=Dec 14, 2017 dur=94
2026/05/03 10:24:54 [DEBUG] url=https://www.vidlii.com/watch?v=njl65hsfsLx title=myon myon date=Dec 21, 2017 dur=372
2026/05/03 10:24:54 [DEBUG] url=https://www.vidlii.com/watch?v=gokalOcgTji title=HIGH TENSION JAPANESE GOBLIN date=Dec 21, 2017 dur=255
2026/05/03 10:24:54 [DEBUG] url=https://www.vidlii.com/watch?v=9HtMVesj9Pw title=mootykins date=Dec 14, 2017 dur=162
2026/05/03 10:24:54 [DEBUG] url=https://www.vidlii.com/watch?v=vC6R7hOEamy title=Spraying my deodorant directly east date=Dec 21, 2017 dur=62
2026/05/03 10:24:55 [DEBUG] url=https://www.vidlii.com/watch?v=c4BFXphOWvI title=Miko Miko Nurse date=Dec 14, 2017 dur=39
2026/05/03 10:24:55 [DEBUG] url=https://www.vidlii.com/watch?v=jCg005EDdR7 title=The 4chan 10th Anniversary Panel Intro date=Dec 14, 2017 dur=149
2026/05/03 10:24:56 [DEBUG] url=https://www.vidlii.com/watch?v=AxQxmhWdO0u title=Leek Spin date=Aug 24, 2017 dur=132
2026/05/03 10:24:56 [DEBUG] url=https://www.vidlii.com/watch?v=lfsnSgj58PF title=twin wrong god of super waha~ date=Dec 12, 2017 dur=129
2026/05/03 10:24:57 [DEBUG] url=https://www.vidlii.com/watch?v=3uZiZ3Ykqyc title=Freedom Planet: Sky Battalion (Sega Genesis Remix) date=Dec 03, 2017 dur=251
2026/05/03 10:25:14 [DEBUG] url=https://www.vidlii.com/watch?v=-ksAcuuSt44 title=Chavo del 8 (Loquendo) El examen date=Jan 19, 2023 dur=448
2026/05/03 10:25:14 [DEBUG] url=https://www.vidlii.com/watch?v=DCUE2j_LMEN title=Introducion en Vidlii?No,es aviso date=Aug 31, 2018 dur=36
2026/05/03 10:25:15 [DEBUG] url=https://www.vidlii.com/watch?v=nZWaHKLCWvG title=VLPH: El Chaco: deluxe edition date=May 02, 2026 dur=121
2026/05/03 10:25:16 [DEBUG] url=https://www.vidlii.com/watch?v=gZDMhvU1w9y title=We Built This Cave (NameOfTheDJ Reupload) date=Apr 30, 2026 dur=100
2026/05/03 10:25:17 [DEBUG] url=https://www.vidlii.com/watch?v=zszI56nhhCl title=[Míííítico!]Ronald Arruaceiro date=Jan 10, 2021 dur=188
2026/05/03 10:25:17 [DEBUG] url=https://www.vidlii.com/watch?v=bBbCSZhotaK title=Trans woman responds to going VIRAL on Vidlii. date=Mar 30, 2026 dur=77
2026/05/03 10:25:18 [DEBUG] url=https://www.vidlii.com/watch?v=sdtYkebaDEX title=This Is Fine... date=May 03, 2026 dur=115
2026/05/03 10:25:20 [DEBUG] url=https://www.vidlii.com/watch?v=d77yAJtGiYa title=CCP THUGS COMPILATION (#19) date=Oct 28, 2025 dur=890
2026/05/03 10:25:20 [DEBUG] url=https://www.vidlii.com/watch?v=K0qaAksyOjJ title=Re: Entrevista a aclarandoloquendero loquendo date=May 02, 2026 dur=277
2026/05/03 10:25:26 [DEBUG] url=https://www.vidlii.com/watch?v=c2uKym4912x title=VidLii Unseen: Year Of The Walts! date=May 02, 2026 dur=31
2026/05/03 10:25:26 [DEBUG] url=https://www.vidlii.com/watch?v=Fvb4vW8w394 title=Vidlii On A X201i date=May 02, 2026 dur=321
2026/05/03 10:25:27 [DEBUG] url=https://www.vidlii.com/watch?v=Oa9VB8pSpjN title=Flat Earth Theory. The Very 1st Enslave Movement date=May 02, 2026 dur=91
2026/05/03 10:25:28 [DEBUG] url=https://www.vidlii.com/watch?v=e_2MBRsxcvK title=worlds hardest game but if i die i spontaneously combust date=May 02, 2026 dur=33
2026/05/03 10:25:28 [DEBUG] url=https://www.vidlii.com/watch?v=dBGtaQtoMuq title=Top 5 best beat 'em up games date=May 02, 2026 dur=1466
2026/05/03 10:25:28 [DEBUG] url=https://www.vidlii.com/watch?v=ySum4V9mrdi title=UN THUGS COMPILATION (#2) date=May 03, 2026 dur=786
2026/05/03 10:25:29 [DEBUG] url=https://www.vidlii.com/watch?v=doV-aSGD9ik title=Guh date=May 02, 2026 dur=86
2026/05/03 10:25:30 [DEBUG] url=https://www.vidlii.com/watch?v=oRv_kqeBKZ8 title=Cran Grape Juice date=May 03, 2026 dur=82
2026/05/03 10:25:30 [DEBUG] url=https://www.vidlii.com/watch?v=n5m8aqJAfZJ title=✭ finally back home for new beginnings ✭ (minecraft - with commentary) date=May 02, 2026 dur=1597
2026/05/03 10:25:30 [DEBUG] url=https://www.vidlii.com/watch?v=HaHV4ajqRDL title=Gagoogity Blizz date=May 02, 2026 dur=20
2026/05/03 10:25:30 [DEBUG] url=https://www.vidlii.com/watch?v=hwFYR1Zfb86 title=⁥ date=May 02, 2026 dur=86
2026/05/03 10:25:31 [DEBUG] url=https://www.vidlii.com/watch?v=FMCcmTIy2Y8 title=How Old Are You? (Doki Doki Literature Club Meme) date=May 02, 2026 dur=51
2026/05/03 10:25:31 [DEBUG] url=https://www.vidlii.com/watch?v=c7JxcqXkHKH title=Sonic & Knuckles - Pink Mushrooms date=May 02, 2026 dur=251
2026/05/03 10:25:31 [DEBUG] url=https://www.vidlii.com/watch?v=iEpBQFEC-Ex title=Hello Welcome to my Channel!!!11!!1!! date=May 03, 2026 dur=76
2026/05/03 10:25:50 [DEBUG] url=https://www.vidlii.com/watch?v=WeqGjmhTnjv title=Not Ashamed date=Dec 13, 2017 dur=30
2026/05/03 10:25:51 [DEBUG] url=https://www.vidlii.com/watch?v=KO8_LEHaDUA title=dedicated to tha boyz back home date=Dec 13, 2017 dur=23
2026/05/03 10:25:56 [DEBUG] url=https://www.vidlii.com/watch?v=DpKTRtPgpdS title=I flew just for Buc-ee's date=Apr 16, 2026 dur=56
2026/05/03 10:25:58 [DEBUG] url=https://www.vidlii.com/watch?v=96qnrxPChrp title=PSP after 2 month's || is it worth it in 2026? date=Apr 16, 2026 dur=409
2026/05/03 10:25:58 [DEBUG] url=https://www.vidlii.com/watch?v=0P8r51iMCQz title=DOWN BUT NOT OUT!! - A.T. Andrei Thomas Returns to Vidlii (HD) 60fps date=Apr 25, 2026 dur=41
2026/05/03 10:25:58 [DEBUG] url=https://www.vidlii.com/watch?v=djNsjLw9TUr title=Introducing: VidLii Coins (April Fools) date=Mar 31, 2026 dur=53
2026/05/03 10:25:58 [DEBUG] url=https://www.vidlii.com/watch?v=-WwQR59V60e title=Super Mario Land 2 is still great date=Apr 02, 2026 dur=1102
2026/05/03 10:25:59 [DEBUG] url=https://www.vidlii.com/watch?v=rl_Zr8liGW2 title=BitView Became WHAT? date=Apr 08, 2026 dur=595
2026/05/03 10:26:00 [DEBUG] url=https://www.vidlii.com/watch?v=1677vSndtxV title=Year of the Waltz date=Mar 09, 2026 dur=95
2026/05/03 10:26:00 [DEBUG] url=https://www.vidlii.com/watch?v=8DHcKQb5V-7 title=Revista Quatro Rodas - Julho De 2007, Nº 567 date=May 02, 2026 dur=188
2026/05/03 10:26:00 [DEBUG] url=https://www.vidlii.com/watch?v=-36QyIZiEad title=Еда в кругу семьи 💋 date=May 03, 2026 dur=75
2026/05/03 10:26:00 [DEBUG] url=https://www.vidlii.com/watch?v=YDlLwLhikWN title=Heart Monitor - The Nobodies date=Mar 07, 2026 dur=159
2026/05/03 10:26:00 [DEBUG] url=https://www.vidlii.com/watch?v=sdAyjqbXzQw title=LocomaxTv Bolivia Anime Marzo 2026 date=May 03, 2026 dur=224
2026/05/03 10:26:00 [DEBUG] url=https://www.vidlii.com/watch?v=EddcEN6_tXW title=my fish :) date=Apr 30, 2026 dur=19
2026/05/03 10:26:01 [DEBUG] url=https://www.vidlii.com/watch?v=5l0nC0VLiUS title=undertaker & michael myers vs the ghylantros date=May 03, 2026 dur=370
2026/05/03 10:26:02 [DEBUG] url=https://www.vidlii.com/watch?v=YlXWnu9tADA title=polska to kontynent date=May 01, 2026 dur=10
2026/05/03 10:26:02 [DEBUG] url=https://www.vidlii.com/watch?v=n8RroH7jRGt title=Geometry Dash - Stereo Madness all coins date=May 03, 2026 dur=89
2026/05/03 10:26:02 [DEBUG] url=https://www.vidlii.com/watch?v=eK0oCrbz6f1 title=emoji mix season 2 episode 1 date=Mar 10, 2023 dur=139
2026/05/03 10:27:19 [DEBUG] url=https://www.vidlii.com/watch?v=U_9vsGds28I title=4chan 4evar date=Dec 12, 2017 dur=69
2026/05/03 10:27:26 [DEBUG] url=https://www.vidlii.com/watch?v=qqlIkal3ZtI title=[AMV] Sailor Moon, LIKE A NIGGR @ Jacobs Jewlery (RubenSlikk) date=Mar 26, 2019 dur=243
2026/05/03 10:27:26 [DEBUG] url=https://www.vidlii.com/watch?v=GCn_hEXv9XP title=Magia Record, Some Early 2019 Gameplay #1 date=Jul 16, 2019 dur=212
2026/05/03 10:27:26 [DEBUG] url=https://www.vidlii.com/watch?v=74ds2KkDrjD title=Josip On Deck - Bruce Jenner date=May 11, 2019 dur=227
2026/05/03 10:27:27 [DEBUG] url=https://www.vidlii.com/watch?v=Zt_Oqa6OcTz title=Metro Zu - Kingdom Hearts (HD Fan Vid) date=Jun 22, 2019 dur=264
2026/05/03 10:27:27 [DEBUG] url=https://www.vidlii.com/watch?v=WHwRwHaJLt- title=higu poni.swf date=Mar 12, 2019 dur=91
2026/05/03 10:27:27 [DEBUG] url=https://www.vidlii.com/watch?v=qU3d9MELazx title=Ruben Slikk - Elegant Living date=Mar 26, 2019 dur=141
2026/05/03 10:27:27 [DEBUG] url=https://www.vidlii.com/watch?v=K_VdZchdqdW title=Japan Break Industries.swf date=Mar 12, 2019 dur=214
2026/05/03 10:27:28 [DEBUG] url=https://www.vidlii.com/watch?v=iZxeH3eVG2P title=I TURNED MYSELF INTO A NIGGER MORTY!!! date=Feb 01, 2018 dur=56
2026/05/03 10:27:28 [DEBUG] url=https://www.vidlii.com/watch?v=NuZkGJabah3 title=[AMV] ruben slikk i get jaw date=Dec 10, 2017 dur=197
2026/05/03 10:27:28 [DEBUG] url=https://www.vidlii.com/watch?v=tm9bqIcWWkR title=Xiao Mei Mei.swf date=Mar 12, 2019 dur=252
2026/05/03 10:27:28 [DEBUG] url=https://www.vidlii.com/watch?v=9us0rXKQ-Sv title=Youtube Rick Roll's the internet April 1st 2008 date=Apr 02, 2019 dur=122
2026/05/03 10:27:28 [DEBUG] url=https://www.vidlii.com/watch?v=i7bJaKJ7Zzz title=[AMV] black kray dont hit mah nextel date=Dec 10, 2017 dur=115
2026/05/03 10:27:29 [DEBUG] url=https://www.vidlii.com/watch?v=c1HpARB3aMI title=[AMV] ruben slikk young fuckgod date=Dec 11, 2017 dur=195
2026/05/03 10:27:29 [DEBUG] url=https://www.vidlii.com/watch?v=WV6FN9p6IR7 title=SHITTY OHIO MAP date=Mar 25, 2019 dur=209
2026/05/03 10:27:29 [DEBUG] url=https://www.vidlii.com/watch?v=5z6AnQ1vDOM title=An expert weighs in date=Mar 09, 2020 dur=86
2026/05/03 10:27:29 [DEBUG] url=https://www.vidlii.com/watch?v=6MDT92psirV title=Bongo cat date=Oct 23, 2018 dur=86
2026/05/03 10:27:30 [DEBUG] url=https://www.vidlii.com/watch?v=iSOHs5j0mEY title=21 yo mama so gay jokes [100 sub special] date=Jan 21, 2019 dur=252
2026/05/03 10:28:03 [DEBUG] url=https://www.vidlii.com/watch?v=eV8XYN0zmq9 title=snowboard kids 64 quicksand level.wmv date=Dec 09, 2017 dur=151
2026/05/03 10:28:03 [DEBUG] url=https://www.vidlii.com/watch?v=y2shvXBypdP title=snowboard kids 64 ninja level.wmv date=Dec 09, 2017 dur=52
2026/05/03 10:28:03 [DEBUG] url=https://www.vidlii.com/watch?v=WvzLhv7n5oy title=Watamote in ALMOST 5 min date=Dec 09, 2017 dur=291
2026/05/03 10:28:04 [DEBUG] url=https://www.vidlii.com/watch?v=oulSYD9e2hh title=parappa the rapper rare figure date=Dec 09, 2017 dur=23
2026/05/03 10:28:10 [DEBUG] url=https://www.vidlii.com/watch?v=smCHOyl_P7m title=this is nice board (???) date=Jul 28, 2021 dur=8
2026/05/03 10:28:11 [DEBUG] url=https://www.vidlii.com/watch?v=jh2nM_VBK6e title=random flash animations date=Mar 11, 2023 dur=51
2026/05/03 10:28:11 [DEBUG] url=https://www.vidlii.com/watch?v=z_BDFTLo9iY title=snacks_loudenough date=Aug 13, 2022 dur=30
2026/05/03 10:28:11 [DEBUG] url=https://www.vidlii.com/watch?v=GsQbWWvQzPu title=Mootykins*4chan* date=Oct 11, 2021 dur=398
2026/05/03 10:28:12 [DEBUG] url=https://www.vidlii.com/watch?v=7CTxB-_ODX1 title=loading 4chan.swf date=Jun 05, 2022 dur=103
2026/05/03 10:28:12 [DEBUG] url=https://www.vidlii.com/watch?v=PVGr7yKVD82 title=4chan Valetine's Day 2010 date=Jul 21, 2023 dur=415
2026/05/03 10:28:21 [DEBUG] url=https://www.vidlii.com/watch?v=TZrP_UcIItl title=family guy despacito date=Jan 31, 2018 dur=41
2026/05/03 10:28:21 [DEBUG] url=https://www.vidlii.com/watch?v=BLlLXJJbBiZ title=nintendo u-tube date=Jan 01, 2018 dur=22
2026/05/03 10:28:22 [DEBUG] url=https://www.vidlii.com/watch?v=KRfcAduAjBp title=mmmdog date=Dec 27, 2017 dur=32
2026/05/03 10:28:22 [DEBUG] url=https://www.vidlii.com/watch?v=XWvk4ROqy0b title=pengas & pingas AMV - EVERYTIME WE TOUCH date=Dec 30, 2017 dur=76
2026/05/03 10:28:22 [DEBUG] url=https://www.vidlii.com/watch?v=bRitlHT7Mxd title=The Ass Was Fat date=Dec 28, 2017 dur=62
2026/05/03 10:28:22 [DEBUG] url=https://www.vidlii.com/watch?v=amuFmTg8DLa title=h date=Dec 26, 2017 dur=0
2026/05/03 10:28:22 [DEBUG] url=https://www.vidlii.com/watch?v=1mpA8hw7t5A title=i got.avi date=Dec 18, 2017 dur=21
2026/05/03 10:28:23 [DEBUG] url=https://www.vidlii.com/watch?v=CcHiVr4WBqk title=Untitled date=Jun 12, 2019 dur=6
2026/05/03 10:28:23 [DEBUG] url=https://www.vidlii.com/watch?v=dstmkGxw9Qp title=Jellyfish - Joining a Fanclub date=Dec 17, 2017 dur=242
2026/05/03 10:28:23 [DEBUG] url=https://www.vidlii.com/watch?v=SVFF_vVHly8 title=cool fire trick date=Dec 04, 2018 dur=19
2026/05/03 10:28:24 [DEBUG] url=https://www.vidlii.com/watch?v=35YJ7Ax4Wkm title=i've been poppin ____ man i feel just like a SPONGEstar date=Jun 05, 2019 dur=47
2026/05/03 10:28:24 [DEBUG] url=https://www.vidlii.com/watch?v=5P62gSAjjls title=volvic funny 2 on vhs date=Aug 31, 2018 dur=17
2026/05/03 10:28:24 [DEBUG] url=https://www.vidlii.com/watch?v=_hlQtIC0OGm title=Rapper Soulja Boy Brutally Attacks the President of the United States of America date=Nov 26, 2018 dur=14
2026/05/03 10:28:25 [DEBUG] url=https://www.vidlii.com/watch?v=R2bLqYpIIsC title=[COOL&CREATE] Myu - Wriggle Buggle date=Jul 11, 2019 dur=196
2026/05/03 10:28:25 [DEBUG] url=https://www.vidlii.com/watch?v=xL2fA5MCoEl title=Chai Kingdom.mp443 date=Mar 10, 2026 dur=97
2026/05/03 10:28:25 [DEBUG] url=https://www.vidlii.com/watch?v=AGyXwjHm82J title=This is mai life:p date=Jun 21, 2021 dur=88
2026/05/03 10:28:32 [DEBUG] url=https://www.vidlii.com/watch?v=BZ7JRAd2QuP title=LEWIS date=Sep 29, 2021 dur=18
2026/05/03 10:28:32 [DEBUG] url=https://www.vidlii.com/watch?v=A-CN4UgB_8w title=HOME GAME 3 2021 trailer date=Oct 22, 2021 dur=162
2026/05/03 10:28:32 [DEBUG] url=https://www.vidlii.com/watch?v=zqOubHo9Lk_ title=WELCOME TO A PLACE FOR NICE THINGS date=Dec 11, 2017 dur=63
2026/05/03 10:28:33 [DEBUG] url=https://www.vidlii.com/watch?v=8YlmmjYxF1P title=[INACCESSIBLE] date=Feb 02, 2022 dur=91
2026/05/03 10:28:33 [DEBUG] url=https://www.vidlii.com/watch?v=bHTbZB53hfq title=HOME GAME 3 2022 trailer date=Aug 07, 2022 dur=593
2026/05/03 10:28:33 [DEBUG] url=https://www.vidlii.com/watch?v=LVe6Rfdv288 title=[SPRING LOOP] (volume warning?) date=Apr 10, 2021 dur=73
2026/05/03 10:28:34 [DEBUG] url=https://www.vidlii.com/watch?v=kCwoxjWjooc title=[INACCESSIBLE] date=Jan 11, 2021 dur=179
2026/05/03 10:28:34 [DEBUG] url=https://www.vidlii.com/watch?v=wCLGNdij--J title=[A DANK REMIX] date=Feb 17, 2021 dur=427
2026/05/03 10:28:34 [DEBUG] url=https://www.vidlii.com/watch?v=-MmWHx6awwa title=HERMIT GARDEN 2021 date=Jun 14, 2021 dur=146
2026/05/03 10:28:35 [INFO] Test finished - 105 videos, 1 targets
2026/05/03 10:28:35 Visited 105 videos, target 1
2026/05/03 10:35:08 [INFO] Logged in successfully
2026/05/03 10:35:08 [INFO] Running in test mode
2026/05/03 10:35:08 [INFO] Init test completed: Redis cleared
2026/05/03 10:35:18 [DEBUG] url=https://www.vidlii.com/watch?v=K5u6i67Cg3e title=アイドルマスター　急降下爆撃～STUKA Lied2008～　スツーカリート.flv date=Dec 25, 2017 dur=206
2026/05/03 10:35:18 [FOUND] 1, https://www.vidlii.com/watch?v=K5u6i67Cg3e - アイドルマスター　急降下爆撃～STUKA Lied2008～　スツーカリート.flv
2026/05/03 10:35:18 [DEBUG] url=https://www.vidlii.com/watch?v=QY0FU5BH0jC title=LONGCAT BE LOOOOOOONG date=Dec 14, 2017 dur=94
2026/05/03 10:35:19 [DEBUG] url=https://www.vidlii.com/watch?v=c4BFXphOWvI title=Miko Miko Nurse date=Dec 14, 2017 dur=39
2026/05/03 10:35:19 [DEBUG] url=https://www.vidlii.com/watch?v=gokalOcgTji title=HIGH TENSION JAPANESE GOBLIN date=Dec 21, 2017 dur=255
2026/05/03 10:35:19 [DEBUG] url=https://www.vidlii.com/watch?v=njl65hsfsLx title=myon myon date=Dec 21, 2017 dur=372
2026/05/03 10:35:19 [DEBUG] url=https://www.vidlii.com/watch?v=jCg005EDdR7 title=The 4chan 10th Anniversary Panel Intro date=Dec 14, 2017 dur=149
2026/05/03 10:35:19 [DEBUG] url=https://www.vidlii.com/watch?v=9HtMVesj9Pw title=mootykins date=Dec 14, 2017 dur=162
2026/05/03 10:35:19 [DEBUG] url=https://www.vidlii.com/watch?v=vC6R7hOEamy title=Spraying my deodorant directly east date=Dec 21, 2017 dur=62
2026/05/03 10:35:20 [DEBUG] url=https://www.vidlii.com/watch?v=AxQxmhWdO0u title=Leek Spin date=Aug 24, 2017 dur=132
2026/05/03 10:35:21 [DEBUG] url=https://www.vidlii.com/watch?v=lfsnSgj58PF title=twin wrong god of super waha~ date=Dec 12, 2017 dur=129
2026/05/03 10:35:22 [DEBUG] url=https://www.vidlii.com/watch?v=3uZiZ3Ykqyc title=Freedom Planet: Sky Battalion (Sega Genesis Remix) date=Dec 03, 2017 dur=251
2026/05/03 10:35:27 [DEBUG] url=https://www.vidlii.com/watch?v=KO8_LEHaDUA title=dedicated to tha boyz back home date=Dec 13, 2017 dur=23
2026/05/03 10:35:27 [DEBUG] url=https://www.vidlii.com/watch?v=WeqGjmhTnjv title=Not Ashamed date=Dec 13, 2017 dur=30
2026/05/03 10:35:52 [DEBUG] url=https://www.vidlii.com/watch?v=K0qaAksyOjJ title=Re: Entrevista a aclarandoloquendero loquendo date=May 02, 2026 dur=277
2026/05/03 10:35:52 [DEBUG] url=https://www.vidlii.com/watch?v=c2uKym4912x title=VidLii Unseen: Year Of The Walts! date=May 02, 2026 dur=31
2026/05/03 10:35:53 [DEBUG] url=https://www.vidlii.com/watch?v=Oa9VB8pSpjN title=Flat Earth Theory. The Very 1st Enslave Movement date=May 02, 2026 dur=91
2026/05/03 10:35:53 [DEBUG] url=https://www.vidlii.com/watch?v=e_2MBRsxcvK title=worlds hardest game but if i die i spontaneously combust date=May 02, 2026 dur=33
2026/05/03 10:35:53 [DEBUG] url=https://www.vidlii.com/watch?v=ySum4V9mrdi title=UN THUGS COMPILATION (#2) date=May 03, 2026 dur=786
2026/05/03 10:35:54 [DEBUG] url=https://www.vidlii.com/watch?v=nZWaHKLCWvG title=VLPH: El Chaco: deluxe edition date=May 02, 2026 dur=121
2026/05/03 10:35:54 [DEBUG] url=https://www.vidlii.com/watch?v=oRv_kqeBKZ8 title=Cran Grape Juice date=May 03, 2026 dur=82
2026/05/03 10:35:54 [DEBUG] url=https://www.vidlii.com/watch?v=doV-aSGD9ik title=Guh date=May 02, 2026 dur=86
2026/05/03 10:35:55 [DEBUG] url=https://www.vidlii.com/watch?v=hwFYR1Zfb86 title=⁥ date=May 02, 2026 dur=86
2026/05/03 10:35:55 [DEBUG] url=https://www.vidlii.com/watch?v=HaHV4ajqRDL title=Gagoogity Blizz date=May 02, 2026 dur=20
2026/05/03 10:35:55 [DEBUG] url=https://www.vidlii.com/watch?v=FMCcmTIy2Y8 title=How Old Are You? (Doki Doki Literature Club Meme) date=May 02, 2026 dur=51
2026/05/03 10:35:55 [DEBUG] url=https://www.vidlii.com/watch?v=n5m8aqJAfZJ title=✭ finally back home for new beginnings ✭ (minecraft - with commentary) date=May 02, 2026 dur=1597
2026/05/03 10:35:56 [DEBUG] url=https://www.vidlii.com/watch?v=J5KUyYn5DC4 title=Alex_Jones_will_hunt_down_the_enemies_of_Infowars date=May 02, 2026 dur=23
2026/05/03 10:35:56 [DEBUG] url=https://www.vidlii.com/watch?v=iEpBQFEC-Ex title=Hello Welcome to my Channel!!!11!!1!! date=May 03, 2026 dur=76
2026/05/03 10:35:56 [DEBUG] url=https://www.vidlii.com/watch?v=c7JxcqXkHKH title=Sonic & Knuckles - Pink Mushrooms date=May 02, 2026 dur=251
2026/05/03 10:35:56 [DEBUG] url=https://www.vidlii.com/watch?v=d6HRXhLaCK7 title=vidlii on a really bad laptop date=May 03, 2026 dur=466
2026/05/03 10:36:04 [DEBUG] url=https://www.vidlii.com/watch?v=-ksAcuuSt44 title=Chavo del 8 (Loquendo) El examen date=Jan 19, 2023 dur=448
2026/05/03 10:36:05 [DEBUG] url=https://www.vidlii.com/watch?v=3b_GrMVqfIf title=Beatriz Koretkii Exposed Part 3: Lying About Ethan Davis And Harassing People date=Sep 18, 2021 dur=952
2026/05/03 10:36:05 [DEBUG] url=https://www.vidlii.com/watch?v=gZDMhvU1w9y title=We Built This Cave (NameOfTheDJ Reupload) date=Apr 30, 2026 dur=100
2026/05/03 10:36:06 [DEBUG] url=https://www.vidlii.com/watch?v=bBbCSZhotaK title=Trans woman responds to going VIRAL on Vidlii. date=Mar 30, 2026 dur=77
2026/05/03 10:36:07 [DEBUG] url=https://www.vidlii.com/watch?v=zszI56nhhCl title=[Míííítico!]Ronald Arruaceiro date=Jan 10, 2021 dur=188
2026/05/03 10:36:08 [DEBUG] url=https://www.vidlii.com/watch?v=sdtYkebaDEX title=This Is Fine... date=May 03, 2026 dur=115
2026/05/03 10:36:08 [DEBUG] url=https://www.vidlii.com/watch?v=d77yAJtGiYa title=CCP THUGS COMPILATION (#19) date=Oct 28, 2025 dur=890
2026/05/03 10:36:16 [DEBUG] url=https://www.vidlii.com/watch?v=DpKTRtPgpdS title=I flew just for Buc-ee's date=Apr 16, 2026 dur=56
2026/05/03 10:36:17 [DEBUG] url=https://www.vidlii.com/watch?v=0P8r51iMCQz title=DOWN BUT NOT OUT!! - A.T. Andrei Thomas Returns to Vidlii (HD) 60fps date=Apr 25, 2026 dur=41
2026/05/03 10:36:17 [DEBUG] url=https://www.vidlii.com/watch?v=96qnrxPChrp title=PSP after 2 month's || is it worth it in 2026? date=Apr 16, 2026 dur=409
2026/05/03 10:36:19 [DEBUG] url=https://www.vidlii.com/watch?v=djNsjLw9TUr title=Introducing: VidLii Coins (April Fools) date=Mar 31, 2026 dur=53
2026/05/03 10:36:19 [DEBUG] url=https://www.vidlii.com/watch?v=-WwQR59V60e title=Super Mario Land 2 is still great date=Apr 02, 2026 dur=1102
2026/05/03 10:36:19 [DEBUG] url=https://www.vidlii.com/watch?v=rl_Zr8liGW2 title=BitView Became WHAT? date=Apr 08, 2026 dur=595
2026/05/03 10:36:19 [DEBUG] url=https://www.vidlii.com/watch?v=bT8OFiN9QZd title=LocomaxTv Bolivia Anime Marzo 2026 date=May 03, 2026 dur=646
2026/05/03 10:36:20 [DEBUG] url=https://www.vidlii.com/watch?v=1677vSndtxV title=Year of the Waltz date=Mar 09, 2026 dur=95
2026/05/03 10:36:20 [DEBUG] url=https://www.vidlii.com/watch?v=YDlLwLhikWN title=Heart Monitor - The Nobodies date=Mar 07, 2026 dur=159
2026/05/03 10:36:20 [DEBUG] url=https://www.vidlii.com/watch?v=Z-YznJd7yr6 title=Revista Quatro Rodas - Junho De 2007, Nº 566 date=May 02, 2026 dur=188
2026/05/03 10:36:21 [DEBUG] url=https://www.vidlii.com/watch?v=puFngwjP9Dw title=WENCE Y SU GRUPO MUJER BONITA date=May 03, 2026 dur=169
2026/05/03 10:36:21 [DEBUG] url=https://www.vidlii.com/watch?v=EddcEN6_tXW title=my fish :) date=Apr 30, 2026 dur=19
2026/05/03 10:36:22 [DEBUG] url=https://www.vidlii.com/watch?v=ZImZVrQmoou title=undertaker & michael myers vs the ghylantros date=May 03, 2026 dur=370
2026/05/03 10:36:22 [DEBUG] url=https://www.vidlii.com/watch?v=YlXWnu9tADA title=polska to kontynent date=May 01, 2026 dur=10
2026/05/03 10:36:23 [DEBUG] url=https://www.vidlii.com/watch?v=d-MIcb9U4Jz title=use more gun date=May 03, 2026 dur=91
2026/05/03 10:36:26 [DEBUG] url=https://www.vidlii.com/watch?v=f5eYA4reaqY title=Vidlii Is Saved! date=Feb 07, 2022 dur=389
2026/05/03 10:38:28 [DEBUG] url=https://www.vidlii.com/watch?v=U_9vsGds28I title=4chan 4evar date=Dec 12, 2017 dur=69
2026/05/03 10:38:37 [DEBUG] url=https://www.vidlii.com/watch?v=smCHOyl_P7m title=this is nice board (???) date=Jul 28, 2021 dur=8
2026/05/03 10:38:37 [DEBUG] url=https://www.vidlii.com/watch?v=jh2nM_VBK6e title=random flash animations date=Mar 11, 2023 dur=51
2026/05/03 10:38:37 [DEBUG] url=https://www.vidlii.com/watch?v=z_BDFTLo9iY title=snacks_loudenough date=Aug 13, 2022 dur=30
2026/05/03 10:38:37 [DEBUG] url=https://www.vidlii.com/watch?v=GsQbWWvQzPu title=Mootykins*4chan* date=Oct 11, 2021 dur=398
2026/05/03 10:38:38 [DEBUG] url=https://www.vidlii.com/watch?v=PVGr7yKVD82 title=4chan Valetine's Day 2010 date=Jul 21, 2023 dur=415
2026/05/03 10:38:38 [DEBUG] url=https://www.vidlii.com/watch?v=7CTxB-_ODX1 title=loading 4chan.swf date=Jun 05, 2022 dur=103
2026/05/03 10:38:49 [DEBUG] url=https://www.vidlii.com/watch?v=qqlIkal3ZtI title=[AMV] Sailor Moon, LIKE A NIGGR @ Jacobs Jewlery (RubenSlikk) date=Mar 26, 2019 dur=243
2026/05/03 10:38:49 [DEBUG] url=https://www.vidlii.com/watch?v=GCn_hEXv9XP title=Magia Record, Some Early 2019 Gameplay #1 date=Jul 16, 2019 dur=212
2026/05/03 10:38:49 [DEBUG] url=https://www.vidlii.com/watch?v=74ds2KkDrjD title=Josip On Deck - Bruce Jenner date=May 11, 2019 dur=227
2026/05/03 10:38:50 [DEBUG] url=https://www.vidlii.com/watch?v=Zt_Oqa6OcTz title=Metro Zu - Kingdom Hearts (HD Fan Vid) date=Jun 22, 2019 dur=264
2026/05/03 10:38:50 [DEBUG] url=https://www.vidlii.com/watch?v=WHwRwHaJLt- title=higu poni.swf date=Mar 12, 2019 dur=91
2026/05/03 10:38:50 [DEBUG] url=https://www.vidlii.com/watch?v=iZxeH3eVG2P title=I TURNED MYSELF INTO A NIGGER MORTY!!! date=Feb 01, 2018 dur=56
2026/05/03 10:38:50 [DEBUG] url=https://www.vidlii.com/watch?v=qU3d9MELazx title=Ruben Slikk - Elegant Living date=Mar 26, 2019 dur=141
2026/05/03 10:38:50 [DEBUG] url=https://www.vidlii.com/watch?v=K_VdZchdqdW title=Japan Break Industries.swf date=Mar 12, 2019 dur=214
2026/05/03 10:38:51 [DEBUG] url=https://www.vidlii.com/watch?v=tm9bqIcWWkR title=Xiao Mei Mei.swf date=Mar 12, 2019 dur=252
2026/05/03 10:38:51 [DEBUG] url=https://www.vidlii.com/watch?v=NuZkGJabah3 title=[AMV] ruben slikk i get jaw date=Dec 10, 2017 dur=197
2026/05/03 10:38:52 [DEBUG] url=https://www.vidlii.com/watch?v=c1HpARB3aMI title=[AMV] ruben slikk young fuckgod date=Dec 11, 2017 dur=195
2026/05/03 10:38:52 [DEBUG] url=https://www.vidlii.com/watch?v=WV6FN9p6IR7 title=SHITTY OHIO MAP date=Mar 25, 2019 dur=209
2026/05/03 10:38:52 [DEBUG] url=https://www.vidlii.com/watch?v=9us0rXKQ-Sv title=Youtube Rick Roll's the internet April 1st 2008 date=Apr 02, 2019 dur=122
2026/05/03 10:38:52 [DEBUG] url=https://www.vidlii.com/watch?v=i7bJaKJ7Zzz title=[AMV] black kray dont hit mah nextel date=Dec 10, 2017 dur=115
2026/05/03 10:38:52 [DEBUG] url=https://www.vidlii.com/watch?v=5z6AnQ1vDOM title=An expert weighs in date=Mar 09, 2020 dur=86
2026/05/03 10:38:52 [DEBUG] url=https://www.vidlii.com/watch?v=6MDT92psirV title=Bongo cat date=Oct 23, 2018 dur=86
2026/05/03 10:38:52 [DEBUG] url=https://www.vidlii.com/watch?v=iSOHs5j0mEY title=21 yo mama so gay jokes [100 sub special] date=Jan 21, 2019 dur=252
2026/05/03 10:39:03 [DEBUG] url=https://www.vidlii.com/watch?v=TZrP_UcIItl title=family guy despacito date=Jan 31, 2018 dur=41
2026/05/03 10:39:03 [DEBUG] url=https://www.vidlii.com/watch?v=BLlLXJJbBiZ title=nintendo u-tube date=Jan 01, 2018 dur=22
2026/05/03 10:39:03 [DEBUG] url=https://www.vidlii.com/watch?v=XWvk4ROqy0b title=pengas & pingas AMV - EVERYTIME WE TOUCH date=Dec 30, 2017 dur=76
2026/05/03 10:39:04 [DEBUG] url=https://www.vidlii.com/watch?v=KRfcAduAjBp title=mmmdog date=Dec 27, 2017 dur=32
2026/05/03 10:39:04 [DEBUG] url=https://www.vidlii.com/watch?v=CcHiVr4WBqk title=Untitled date=Jun 12, 2019 dur=6
2026/05/03 10:39:04 [DEBUG] url=https://www.vidlii.com/watch?v=amuFmTg8DLa title=h date=Dec 26, 2017 dur=0
2026/05/03 10:39:04 [DEBUG] url=https://www.vidlii.com/watch?v=bRitlHT7Mxd title=The Ass Was Fat date=Dec 28, 2017 dur=62
2026/05/03 10:39:05 [DEBUG] url=https://www.vidlii.com/watch?v=1mpA8hw7t5A title=i got.avi date=Dec 18, 2017 dur=21
2026/05/03 10:39:05 [DEBUG] url=https://www.vidlii.com/watch?v=dstmkGxw9Qp title=Jellyfish - Joining a Fanclub date=Dec 17, 2017 dur=242
2026/05/03 10:39:06 [DEBUG] url=https://www.vidlii.com/watch?v=35YJ7Ax4Wkm title=i've been poppin ____ man i feel just like a SPONGEstar date=Jun 05, 2019 dur=47
2026/05/03 10:39:06 [DEBUG] url=https://www.vidlii.com/watch?v=SVFF_vVHly8 title=cool fire trick date=Dec 04, 2018 dur=19
2026/05/03 10:39:06 [DEBUG] url=https://www.vidlii.com/watch?v=R2bLqYpIIsC title=[COOL&CREATE] Myu - Wriggle Buggle date=Jul 11, 2019 dur=196
2026/05/03 10:39:06 [DEBUG] url=https://www.vidlii.com/watch?v=5P62gSAjjls title=volvic funny 2 on vhs date=Aug 31, 2018 dur=17
2026/05/03 10:39:06 [DEBUG] url=https://www.vidlii.com/watch?v=xL2fA5MCoEl title=Chai Kingdom.mp443 date=Mar 10, 2026 dur=97
2026/05/03 10:39:07 [DEBUG] url=https://www.vidlii.com/watch?v=_hlQtIC0OGm title=Rapper Soulja Boy Brutally Attacks the President of the United States of America date=Nov 26, 2018 dur=14
2026/05/03 10:39:07 [DEBUG] url=https://www.vidlii.com/watch?v=AGyXwjHm82J title=This is mai life:p date=Jun 21, 2021 dur=88
2026/05/03 10:39:14 [DEBUG] url=https://www.vidlii.com/watch?v=zqOubHo9Lk_ title=WELCOME TO A PLACE FOR NICE THINGS date=Dec 11, 2017 dur=63
2026/05/03 10:39:14 [DEBUG] url=https://www.vidlii.com/watch?v=A-CN4UgB_8w title=HOME GAME 3 2021 trailer date=Oct 22, 2021 dur=162
2026/05/03 10:39:14 [DEBUG] url=https://www.vidlii.com/watch?v=BZ7JRAd2QuP title=LEWIS date=Sep 29, 2021 dur=18
2026/05/03 10:39:15 [DEBUG] url=https://www.vidlii.com/watch?v=bHTbZB53hfq title=HOME GAME 3 2022 trailer date=Aug 07, 2022 dur=593
2026/05/03 10:39:15 [DEBUG] url=https://www.vidlii.com/watch?v=LVe6Rfdv288 title=[SPRING LOOP] (volume warning?) date=Apr 10, 2021 dur=73
2026/05/03 10:39:15 [DEBUG] url=https://www.vidlii.com/watch?v=8YlmmjYxF1P title=[INACCESSIBLE] date=Feb 02, 2022 dur=91
2026/05/03 10:39:15 [DEBUG] url=https://www.vidlii.com/watch?v=kCwoxjWjooc title=[INACCESSIBLE] date=Jan 11, 2021 dur=179
2026/05/03 10:39:15 [DEBUG] url=https://www.vidlii.com/watch?v=wCLGNdij--J title=[A DANK REMIX] date=Feb 17, 2021 dur=427
2026/05/03 10:39:16 [DEBUG] url=https://www.vidlii.com/watch?v=-MmWHx6awwa title=HERMIT GARDEN 2021 date=Jun 14, 2021 dur=146
2026/05/03 10:39:17 [INFO] Test finished - 101 videos, 1 targets
2026/05/03 10:39:17 Visited 101 videos, target 1
